[2024-06-09T08:04:57.768866+02:00] cms_signing.ERROR: Private key file not found. [] []
[2024-06-09T08:05:58.549906+02:00] cms_signing.ERROR: Private key file not found. [] []
[2024-06-09T08:16:37.108575+02:00] cms_signing.ERROR: Private key file not found. [] []
[2024-06-09T08:18:49.642026+02:00] cms_signing.ERROR: Failed to sign the file. [] []
[2024-06-09T08:32:27.386037+02:00] cms_signing.ERROR: Invalid private key. [] []
[2024-06-09T08:33:20.282118+02:00] cms_signing.ERROR: Invalid private key. [] []
[2024-06-09T08:34:01.952084+02:00] cms_signing.ERROR: Invalid private key. [] []
[2024-06-09T08:35:36.769212+02:00] cms_signing.ERROR: Invalid private key. [] []
[2024-06-09T08:39:19.587198+02:00] cms_signing.ERROR: Invalid private key. [] []
[2024-06-09T08:40:27.333189+02:00] cms_signing.ERROR: Invalid private key. [] []
[2024-06-09T08:49:09.113737+02:00] cms_signing.ERROR: Invalid private key. [] []
[2024-06-09T08:51:01.824719+02:00] cms_signing.ERROR: Failed to sign the file. [] []
[2024-06-09T08:54:39.983242+02:00] cms_signing.INFO: The file has been successfully signed. [] []
[2024-06-09T08:58:27.220705+02:00] cms_signing.INFO: The file has been successfully signed. [] []
[2024-06-09T09:01:41.187431+02:00] cms_signing.ERROR: Failed to sign the file. [] []
[2024-06-09T09:01:58.965492+02:00] cms_signing.INFO: The file has been successfully signed. [] []
[2024-06-09T09:03:53.615316+02:00] cms_signing.INFO: The file has been successfully signed. [] []
[2024-06-09T09:05:07.554271+02:00] cms_signing.INFO: The file has been successfully signed. [] []
[2024-06-09T09:08:59.448619+02:00] cms_signing.INFO: The file has been successfully signed. [] []
[2024-06-09T09:14:44.462232+02:00] cms_signing.INFO: The file has been successfully signed. [] []
[2024-06-09T09:20:04.391327+02:00] cms_signing.INFO: The file has been successfully signed. [] []
[2024-06-09T09:20:42.829060+02:00] cms_signing.INFO: The file has been successfully signed. [] []
[2024-06-09T09:22:28.379845+02:00] cms_signing.INFO: The file has been successfully signed. [] []
[2024-06-09T09:22:37.501720+02:00] cms_signing.INFO: The file has been successfully signed. [] []
[2024-06-09T09:25:38.815333+02:00] cms_signing.INFO: The file has been successfully signed. [] []
[2024-06-09T09:25:43.319913+02:00] cms_signing.INFO: The file has been successfully signed. [] []
[2024-06-09T09:27:26.808037+02:00] cms_signing.INFO: The file has been successfully signed. [] []
[2024-06-09T09:27:48.951021+02:00] cms_signing.INFO: The file has been successfully signed. [] []
[2024-06-09T09:28:23.745331+02:00] cms_signing.INFO: The file has been successfully signed. [] []
[2024-06-09T09:28:28.052376+02:00] cms_signing.INFO: The file has been successfully signed. [] []
[2024-06-09T09:29:28.298413+02:00] cms_signing.INFO: The file has been successfully signed. [] []
[2024-06-09T09:32:40.093984+02:00] cms_signing.INFO: The file has been successfully signed. [] []
[2024-06-09T09:36:28.609767+02:00] cms_signing.INFO: The file has been successfully signed. [] []
[2024-06-09T09:37:01.793686+02:00] cms_signing.INFO: The file has been successfully signed. [] []
[2024-06-09T09:39:37.347454+02:00] cms_signing.INFO: The file has been successfully signed. [] []
[2024-06-09T09:40:00.037496+02:00] cms_signing.INFO: The file has been successfully signed. [] []
[2024-06-09T09:41:06.425744+02:00] cms_signing.INFO: The file has been successfully signed. [] []
[2024-06-09T09:41:54.213550+02:00] cms_signing.INFO: The file has been successfully signed. [] []
[2024-06-09T09:41:55.503895+02:00] cms_signing.INFO: The file has been successfully signed. [] []
[2024-06-09T09:45:33.866753+02:00] cms_signing.INFO: The file has been successfully signed. [] []
[2024-06-09T09:46:10.702158+02:00] cms_signing.INFO: The file has been successfully signed. [] []
[2024-06-09T09:47:21.712923+02:00] cms_signing.INFO: The file has been successfully signed. [] []
[2024-06-09T09:50:58.954863+02:00] cms_signing.INFO: The file has been successfully signed. [] []
[2024-06-09T09:51:00.121505+02:00] cms_signing.INFO: The file has been successfully signed. [] []
[2024-06-09T09:51:27.313998+02:00] cms_signing.INFO: The file has been successfully signed. [] []
[2024-06-09T10:01:13.448461+02:00] cms_signing.ERROR: Failed to sign the file. [] []
[2024-06-09T10:39:31.298271+02:00] cms_signing.ERROR: Invalid private key. [] []
[2024-06-09T10:40:58.198737+02:00] cms_signing.INFO: The file has been successfully signed. [] []
[2024-06-09T17:23:32.850070+02:00] cms_signing.INFO: The file has been successfully signed. [] []
[2024-06-09T17:30:30.186900+02:00] cms_signing.INFO: The file has been successfully signed. [] []
[2024-06-09T17:31:48.816702+02:00] cms_signing.INFO: The file has been successfully signed. [] []
[2024-06-09T17:32:37.851236+02:00] cms_signing.INFO: The file has been successfully signed. [] []
[2024-06-09T17:43:59.728421+02:00] cms_signing.INFO: The file has been successfully signed. [] []
[2024-06-09T18:30:49.922701+02:00] cms_signing.INFO: The file has been successfully signed. [] []
[2024-06-09T18:32:57.331129+02:00] cms_signing.INFO: The file has been successfully signed. [] []
[2024-06-09T18:33:42.366130+02:00] cms_signing.INFO: The file has been successfully signed. [] []
[2024-06-09T18:35:15.876548+02:00] cms_signing.INFO: The file has been successfully signed. [] []
[2024-06-09T18:35:46.804819+02:00] cms_signing.INFO: The file has been successfully signed. [] []
[2024-06-09T18:36:52.448157+02:00] cms_signing.INFO: The file has been successfully signed. [] []
[2024-06-09T18:38:03.005410+02:00] cms_signing.INFO: The file has been successfully signed. [] []
[2024-06-09T18:59:06.643633+02:00] cms_signing.INFO: The file has been successfully signed. [] []
[2024-06-09T19:00:35.134921+02:00] cms_signing.INFO: The file has been successfully signed. [] []
[2024-06-09T19:02:16.640213+02:00] cms_signing.INFO: The file has been successfully signed. [] []
[2024-06-09T19:03:57.873071+02:00] cms_signing.INFO: The file has been successfully signed. [] []
[2024-06-09T19:04:31.075887+02:00] cms_signing.INFO: The file has been successfully signed. [] []
[2024-06-09T19:05:47.975441+02:00] cms_signing.INFO: The file has been successfully signed. [] []
[2024-06-09T19:08:10.799674+02:00] cms_signing.INFO: The file has been successfully signed. [] []
[2024-06-09T19:21:15.198958+02:00] cms_signing.INFO: The file has been successfully signed. [] []
[2024-06-09T20:38:33.186128+02:00] cms_signing.ERROR: Private key file not found. [] []
[2024-06-09T20:40:43.266058+02:00] cms_signing.ERROR: Private key file not found. [] []
[2024-06-09T20:41:05.200398+02:00] cms_signing.ERROR: Private key file not found. [] []
[2024-06-09T20:41:07.736237+02:00] cms_signing.ERROR: Private key file not found. [] []
[2024-06-09T20:42:21.341886+02:00] cms_signing.ERROR: Private key file not found. [] []
[2024-06-09T20:44:48.632156+02:00] cms_signing.ERROR: Private key file not found. [] []
[2024-06-09T20:45:07.682495+02:00] cms_signing.ERROR: Private key file not found. [] []
[2024-06-09T20:48:44.893213+02:00] cms_signing.INFO: The file has been successfully signed. [] []
[2024-06-09T20:49:51.616759+02:00] cms_signing.INFO: The file has been successfully signed. [] []
[2024-06-09T20:50:14.399746+02:00] cms_signing.INFO: The file has been successfully signed. [] []
[2024-06-09T20:50:59.673217+02:00] cms_signing.INFO: The file has been successfully signed. [] []
[2024-06-09T20:52:27.143768+02:00] cms_signing.INFO: The file has been successfully signed. [] []
[2024-06-09T20:55:42.973996+02:00] cms_signing.INFO: The file has been successfully signed. [] []
[2024-06-09T21:04:17.754842+02:00] cms_signing.INFO: The file has been successfully signed. [] []
[2024-06-09T21:04:46.205539+02:00] cms_signing.INFO: The file has been successfully signed. [] []
[2024-06-09T21:07:08.571755+02:00] cms_signing.INFO: The file has been successfully signed. [] []
[2024-06-09T21:12:21.616753+02:00] cms_signing.INFO: The file has been successfully signed. [] []
[2024-06-09T21:12:49.508017+02:00] cms_signing.INFO: The file has been successfully signed. [] []
[2024-06-09T21:19:08.176363+02:00] cms_signing.INFO: The file has been successfully signed. [] []
[2024-06-09T21:19:32.197748+02:00] cms_signing.INFO: The file has been successfully signed. [] []
[2024-06-09T21:37:43.600217+02:00] cms_signing.INFO: The file has been successfully signed. [] []
[2024-06-09T21:38:30.131497+02:00] cms_signing.INFO: The file has been successfully signed. [] []
[2024-06-09T21:39:09.617109+02:00] cms_signing.INFO: The file has been successfully signed. [] []
[2024-06-09T21:40:08.357828+02:00] cms_signing.INFO: The file has been successfully signed. [] []
[2024-06-09T21:41:30.008459+02:00] cms_signing.INFO: The file has been successfully signed. [] []
[2024-06-09T21:43:13.946299+02:00] cms_signing.INFO: The file has been successfully signed. [] []
[2024-06-09T21:44:45.227045+02:00] cms_signing.INFO: The file has been successfully signed. [] []
[2024-06-09T21:45:44.849207+02:00] cms_signing.INFO: The file has been successfully signed. [] []
[2024-06-09T21:46:56.654641+02:00] cms_signing.INFO: The file has been successfully signed. [] []
[2024-06-09T21:48:20.823572+02:00] cms_signing.INFO: The file has been successfully signed. [] []
[2024-06-09T21:49:59.299239+02:00] cms_signing.INFO: The file has been successfully signed. [] []
[2024-06-09T21:54:58.185764+02:00] cms_signing.INFO: The file has been successfully signed. [] []
[2024-06-09T21:55:18.470532+02:00] cms_signing.INFO: The file has been successfully signed. [] []
[2024-06-09T21:56:33.120682+02:00] cms_signing.INFO: The file has been successfully signed. [] []
[2024-06-09T21:56:38.974667+02:00] cms_signing.INFO: The file has been successfully signed. [] []
[2024-06-09T21:58:10.384230+02:00] cms_signing.INFO: The file has been successfully signed. [] []
[2024-06-09T21:58:34.664914+02:00] cms_signing.INFO: The file has been successfully signed. [] []
[2024-06-09T21:59:17.368224+02:00] cms_signing.INFO: The file has been successfully signed. [] []
[2024-06-09T22:00:02.669575+02:00] cms_signing.INFO: The file has been successfully signed. [] []
[2024-06-09T22:01:24.732267+02:00] cms_signing.INFO: The file has been successfully signed. [] []
[2024-06-10T08:16:53.826054+02:00] cms_signing.INFO: The file has been successfully signed. [] []
[2024-06-10T08:18:01.317536+02:00] cms_signing.INFO: The file has been successfully signed. [] []
[2024-06-10T08:24:30.088670+02:00] cms_signing.INFO: The file has been successfully signed. [] []
[2024-06-10T08:24:55.879543+02:00] cms_signing.INFO: The file has been successfully signed. [] []
[2024-06-10T08:29:14.517819+02:00] cms_signing.INFO: The file has been successfully signed. [] []
[2024-06-10T08:29:40.023269+02:00] cms_signing.INFO: The file has been successfully signed. [] []
[2024-06-10T08:35:28.347101+02:00] cms_signing.INFO: The file has been successfully signed. [] []
[2024-06-10T08:54:57.964249+02:00] cms_signing.INFO: The file has been successfully signed. [] []
[2024-06-10T08:55:00.741023+02:00] cms_signing.INFO: The file has been successfully signed. [] []
[2024-06-10T08:55:19.468211+02:00] cms_signing.INFO: The file has been successfully signed. [] []
[2024-06-10T08:55:20.766494+02:00] cms_signing.INFO: The file has been successfully signed. [] []
[2024-06-10T08:55:23.138341+02:00] cms_signing.INFO: The file has been successfully signed. [] []
[2024-06-10T08:55:24.593091+02:00] cms_signing.INFO: The file has been successfully signed. [] []
[2024-06-10T08:57:08.060305+02:00] cms_signing.INFO: The file has been successfully signed. [] []
[2024-06-10T08:57:31.861853+02:00] cms_signing.INFO: The file has been successfully signed. [] []
[2024-06-10T08:57:32.560440+02:00] cms_signing.INFO: The file has been successfully signed. [] []
[2024-06-10T08:57:45.742041+02:00] cms_signing.INFO: The file has been successfully signed. [] []
[2024-06-10T08:57:48.811005+02:00] cms_signing.INFO: The file has been successfully signed. [] []
[2024-06-10T09:12:39.416504+02:00] cms_signing.INFO: The file has been successfully signed. [] []
[2024-06-10T09:12:43.943097+02:00] cms_signing.INFO: The file has been successfully signed. [] []
[2024-06-10T09:13:35.546337+02:00] cms_signing.INFO: The file has been successfully signed. [] []
[2024-06-10T09:13:38.215748+02:00] cms_signing.INFO: The file has been successfully signed. [] []
[2024-06-10T09:14:05.622894+02:00] cms_signing.INFO: The file has been successfully signed. [] []
[2024-06-10T09:23:50.126504+02:00] cms_signing.INFO: The file has been successfully signed. [] []
[2024-06-10T09:23:51.439947+02:00] cms_signing.INFO: The file has been successfully signed. [] []
[2024-06-10T09:24:31.993620+02:00] cms_signing.INFO: The file has been successfully signed. [] []
[2024-06-10T09:24:34.025323+02:00] cms_signing.INFO: The file has been successfully signed. [] []
[2024-06-10T09:25:13.142134+02:00] cms_signing.INFO: The file has been successfully signed. [] []
[2024-06-10T09:27:35.924135+02:00] cms_signing.INFO: The file has been successfully signed. [] []
[2024-06-10T09:28:38.540698+02:00] cms_signing.INFO: The file has been successfully signed. [] []
[2024-06-10T09:29:17.909166+02:00] cms_signing.INFO: The file has been successfully signed. [] []
[2024-06-10T09:29:49.083270+02:00] cms_signing.INFO: The file has been successfully signed. [] []
[2024-06-10T09:30:14.743473+02:00] cms_signing.INFO: The file has been successfully signed. [] []
[2024-06-10T09:31:08.152264+02:00] cms_signing.INFO: The file has been successfully signed. [] []
[2024-06-10T09:31:09.819514+02:00] cms_signing.INFO: The file has been successfully signed. [] []
[2024-06-10T09:31:33.089580+02:00] cms_signing.INFO: The file has been successfully signed. [] []
[2024-06-10T09:31:57.573539+02:00] cms_signing.INFO: The file has been successfully signed. [] []
[2024-06-10T09:31:59.102339+02:00] cms_signing.INFO: The file has been successfully signed. [] []
[2024-06-10T09:32:20.953219+02:00] cms_signing.INFO: The file has been successfully signed. [] []
[2024-06-10T09:32:21.268592+02:00] cms_signing.INFO: The file has been successfully signed. [] []
[2024-06-10T09:32:43.660645+02:00] cms_signing.INFO: The file has been successfully signed. [] []
[2024-06-10T09:32:47.535655+02:00] cms_signing.INFO: The file has been successfully signed. [] []
[2024-06-10T09:36:11.919617+02:00] cms_signing.INFO: The file has been successfully signed. [] []
[2024-06-10T09:36:13.791398+02:00] cms_signing.INFO: The file has been successfully signed. [] []
[2024-06-10T09:36:58.353300+02:00] cms_signing.INFO: The file has been successfully signed. [] []
[2024-06-10T09:37:01.582888+02:00] cms_signing.INFO: The file has been successfully signed. [] []
[2024-06-10T09:38:18.870669+02:00] cms_signing.INFO: The file has been successfully signed. [] []
[2024-06-10T09:38:19.936061+02:00] cms_signing.INFO: The file has been successfully signed. [] []
[2024-06-10T09:38:34.617017+02:00] cms_signing.INFO: The file has been successfully signed. [] []
[2024-06-10T09:38:37.817583+02:00] cms_signing.INFO: The file has been successfully signed. [] []
[2024-06-10T09:48:07.364043+02:00] cms_signing.INFO: The file has been successfully signed. [] []
[2024-06-10T09:48:08.866967+02:00] cms_signing.INFO: The file has been successfully signed. [] []
[2024-06-10T10:23:38.354665+02:00] cms_signing.INFO: The file has been successfully signed. [] []
[2024-06-10T10:23:39.933768+02:00] cms_signing.INFO: The file has been successfully signed. [] []
[2024-06-10T10:25:29.929460+02:00] cms_signing.INFO: The file has been successfully signed. [] []
[2024-06-10T10:25:31.179390+02:00] cms_signing.INFO: The file has been successfully signed. [] []
[2024-06-10T13:50:01.621992+02:00] cms_signing.INFO: The file has been successfully signed. [] []
[2024-06-10T13:50:03.088752+02:00] cms_signing.INFO: The file has been successfully signed. [] []
[2024-06-10T21:54:06.452906+02:00] cms_signing.INFO: The file has been successfully signed. [] []
[2024-06-10T21:54:08.215007+02:00] cms_signing.INFO: The file has been successfully signed. [] []
[2024-06-11T08:27:36.526417+02:00] cms_signing.INFO: The file has been successfully signed. [] []
[2024-06-11T08:27:40.325076+02:00] cms_signing.INFO: The file has been successfully signed. [] []
[2024-06-11T08:28:16.581608+02:00] cms_signing.INFO: The file has been successfully signed. [] []
[2024-06-11T08:28:19.745847+02:00] cms_signing.INFO: The file has been successfully signed. [] []
[2024-06-11T08:29:17.215070+02:00] cms_signing.INFO: The file has been successfully signed. [] []
[2024-06-11T08:29:18.679326+02:00] cms_signing.INFO: The file has been successfully signed. [] []
[2024-06-11T08:29:44.004080+02:00] cms_signing.INFO: The file has been successfully signed. [] []
[2024-06-11T08:29:44.819615+02:00] cms_signing.INFO: The file has been successfully signed. [] []
[2024-06-11T08:31:11.070364+02:00] cms_signing.INFO: The file has been successfully signed. [] []
[2024-06-11T08:31:12.519319+02:00] cms_signing.INFO: The file has been successfully signed. [] []
[2024-06-11T08:32:06.760501+02:00] cms_signing.INFO: The file has been successfully signed. [] []
[2024-06-11T08:32:08.270256+02:00] cms_signing.INFO: The file has been successfully signed. [] []
[2024-06-11T10:08:08.108556+02:00] cms_signing.INFO: The file has been successfully signed. [] []
[2024-06-11T10:08:11.116742+02:00] cms_signing.INFO: The file has been successfully signed. [] []
[2024-06-11T10:13:07.080810+02:00] cms_signing.INFO: The file has been successfully signed. [] []
[2024-06-11T10:13:09.303908+02:00] cms_signing.INFO: The file has been successfully signed. [] []
[2024-06-11T10:18:45.868822+02:00] cms_signing.INFO: The file has been successfully signed. [] []
[2024-06-11T10:18:47.959476+02:00] cms_signing.INFO: The file has been successfully signed. [] []
[2024-06-11T10:22:20.081444+02:00] cms_signing.INFO: The file has been successfully signed. [] []
[2024-06-11T10:22:21.893070+02:00] cms_signing.INFO: The file has been successfully signed. [] []
[2024-06-11T10:28:08.593051+02:00] cms_signing.INFO: The file has been successfully signed. [] []
[2024-06-11T10:28:10.017105+02:00] cms_signing.INFO: The file has been successfully signed. [] []
[2024-06-11T10:28:52.873284+02:00] cms_signing.INFO: The file has been successfully signed. [] []
[2024-06-11T10:28:53.740221+02:00] cms_signing.INFO: The file has been successfully signed. [] []
[2024-06-11T10:30:00.665251+02:00] cms_signing.INFO: The file has been successfully signed. [] []
[2024-06-11T10:30:03.720780+02:00] cms_signing.INFO: The file has been successfully signed. [] []
[2024-06-11T10:30:55.844560+02:00] cms_signing.INFO: The file has been successfully signed. [] []
[2024-06-11T10:30:56.764672+02:00] cms_signing.INFO: The file has been successfully signed. [] []
[2024-06-11T10:32:43.694233+02:00] cms_signing.INFO: The file has been successfully signed. [] []
[2024-06-11T10:32:45.488526+02:00] cms_signing.INFO: The file has been successfully signed. [] []
[2024-06-11T10:33:11.203357+02:00] cms_signing.INFO: The file has been successfully signed. [] []
[2024-06-11T10:33:13.503817+02:00] cms_signing.INFO: The file has been successfully signed. [] []
[2024-06-11T10:35:09.604393+02:00] cms_signing.INFO: The file has been successfully signed. [] []
[2024-06-11T10:35:10.401047+02:00] cms_signing.INFO: The file has been successfully signed. [] []
[2024-06-11T10:35:44.019953+02:00] cms_signing.INFO: The file has been successfully signed. [] []
[2024-06-11T10:35:45.851750+02:00] cms_signing.INFO: The file has been successfully signed. [] []
[2024-06-13T18:30:51.089652+02:00] cms_signing.ERROR: Failed to sign the file. [] []
[2024-06-13T18:36:21.216394+02:00] cms_signing.ERROR: Failed to sign the file. [] []
[2024-06-13T18:38:47.773792+02:00] cms_signing.ERROR: Failed to sign the file. [] []
[2024-06-13T18:39:34.455222+02:00] cms_signing.ERROR: Failed to sign the file. [] []
[2024-06-13T18:40:40.503319+02:00] cms_signing.ERROR: Failed to sign the file. [] []
[2024-06-13T18:42:02.423374+02:00] cms_signing.ERROR: Failed to sign the file. [] []
[2024-06-13T18:42:37.999443+02:00] cms_signing.ERROR: Failed to sign the file. [] []
[2024-06-13T18:43:54.306250+02:00] cms_signing.ERROR: Failed to sign the file. [] []
[2024-06-13T18:52:36.100159+02:00] cms_signing.ERROR: Failed to sign the file. [] []
[2024-06-13T18:54:26.143472+02:00] cms_signing.ERROR: Failed to sign the file. [] []
[2024-06-13T18:55:01.136863+02:00] cms_signing.ERROR: Failed to sign the file. [] []
[2024-06-13T18:59:22.791049+02:00] cms_signing.ERROR: Failed to sign the file. [] []
[2024-06-13T19:00:55.402786+02:00] cms_signing.ERROR: Failed to sign the file. [] []
[2024-06-13T19:17:40.266112+02:00] cms_signing.ERROR: Failed to sign the file. [] []
[2024-06-13T22:29:35.099609+02:00] cms_signing.ERROR: Failed to sign the file. [] []
[2024-06-13T23:27:48.769889+02:00] cms_signing.ERROR: Failed to sign the file. [] []
[2024-06-13T23:35:08.511343+02:00] cms_signing.ERROR: Failed to sign the file. [] []
[2024-06-13T23:38:34.866377+02:00] cms_signing.ERROR: Failed to sign the file. [] []
[2024-06-13T23:40:24.962275+02:00] cms_signing.ERROR: Failed to sign the file. [] []
[2024-06-13T23:40:58.731379+02:00] cms_signing.ERROR: Failed to sign the file. [] []
[2024-06-13T23:44:20.460562+02:00] cms_signing.ERROR: Failed to sign the file. [] []
[2024-06-14T11:23:27.447721+02:00] cms_signing.ERROR: Failed to sign the file. [] []
[2024-06-14T11:28:47.723608+02:00] cms_signing.ERROR: Failed to sign the file. [] []
[2024-06-14T11:32:32.286333+02:00] cms_signing.ERROR: Failed to sign the file. [] []
[2024-06-14T11:38:10.168386+02:00] cms_signing.ERROR: Failed to sign the file. [] []
[2024-06-14T11:38:59.482149+02:00] cms_signing.ERROR: Failed to sign the file. [] []
[2024-06-14T11:39:27.240293+02:00] cms_signing.ERROR: Failed to sign the file. [] []
[2024-06-14T11:41:14.407830+02:00] cms_signing.ERROR: Failed to sign the file. [] []
[2024-06-14T11:41:34.590424+02:00] cms_signing.ERROR: Failed to sign the file. [] []
[2024-06-14T11:41:51.049166+02:00] cms_signing.ERROR: Failed to sign the file. [] []
[2024-06-14T11:42:32.165358+02:00] cms_signing.ERROR: Failed to sign the file. [] []
[2024-06-14T11:46:30.900828+02:00] cms_signing.ERROR: Failed to sign the file. [] []
[2024-06-14T11:47:03.216595+02:00] cms_signing.ERROR: Failed to sign the file. [] []
[2024-06-14T13:08:11.730022+02:00] cms_signing.ERROR: Failed to sign the file. [] []
[2024-06-14T13:09:20.178635+02:00] cms_signing.ERROR: Failed to sign the file. [] []
[2024-06-14T13:09:32.427340+02:00] cms_signing.ERROR: Failed to sign the file. [] []
[2024-06-14T13:10:04.582115+02:00] cms_signing.ERROR: Failed to sign the file. [] []
[2024-06-14T13:10:16.952232+02:00] cms_signing.ERROR: Failed to sign the file. [] []
[2024-06-14T13:11:15.937761+02:00] cms_signing.ERROR: Failed to sign the file. [] []
[2024-06-14T13:11:38.000304+02:00] cms_signing.ERROR: Failed to sign the file. [] []
[2024-06-14T13:11:49.525259+02:00] cms_signing.ERROR: Failed to sign the file. [] []
[2024-06-14T13:12:28.305961+02:00] cms_signing.ERROR: Failed to sign the file. [] []
[2024-06-14T13:12:30.527359+02:00] cms_signing.ERROR: Failed to sign the file. [] []
[2024-06-14T13:12:47.475956+02:00] cms_signing.ERROR: Failed to sign the file. [] []
[2024-06-14T13:13:20.009690+02:00] cms_signing.ERROR: Failed to sign the file. [] []
[2024-06-14T13:14:00.079963+02:00] cms_signing.ERROR: Failed to sign the file. [] []
[2024-06-14T13:18:01.190271+02:00] cms_signing.ERROR: Failed to sign the file. [] []
[2024-06-14T13:19:35.607514+02:00] cms_signing.ERROR: Failed to sign the file. [] []
[2024-06-14T13:20:03.926964+02:00] cms_signing.ERROR: Failed to sign the file. [] []
[2024-06-14T13:20:37.560025+02:00] cms_signing.ERROR: Failed to sign the file. [] []
[2024-06-14T13:24:36.303753+02:00] cms_signing.INFO: The file has been successfully signed. [] []
[2024-06-14T13:31:57.488266+02:00] cms_signing.INFO: The file has been successfully signed. [] []
[2024-06-14T13:43:25.379108+02:00] cms_signing.INFO: The file has been successfully signed. [] []
[2024-06-14T13:44:28.119606+02:00] cms_signing.INFO: The file has been successfully signed. [] []
[2024-06-14T13:45:04.802302+02:00] cms_signing.INFO: The file has been successfully signed. [] []
[2024-06-14T13:50:24.079244+02:00] cms_signing.INFO: The file has been successfully signed. [] []
[2024-06-14T14:05:04.511415+02:00] cms_signing.INFO: The file has been successfully signed. [] []
[2024-06-14T14:05:34.458068+02:00] cms_signing.INFO: The file has been successfully signed. [] []
[2024-06-14T14:06:03.111595+02:00] cms_signing.INFO: The file has been successfully signed. [] []
[2024-06-14T14:08:40.640949+02:00] cms_signing.INFO: The file has been successfully signed. [] []
[2024-06-14T14:09:37.011043+02:00] cms_signing.INFO: The file has been successfully signed. [] []
[2024-06-14T14:11:36.831406+02:00] cms_signing.INFO: The file has been successfully signed. [] []
[2024-06-14T14:22:04.114361+02:00] cms_signing.INFO: The file has been successfully signed. [] []
[2024-06-14T14:59:36.473115+02:00] cms_signing.INFO: The file has been successfully signed. [] []
[2024-06-14T14:59:48.279591+02:00] cms_signing.INFO: The file has been successfully signed. [] []
[2024-06-14T15:02:06.168526+02:00] cms_signing.INFO: The file has been successfully signed. [] []
[2024-06-14T15:02:42.935286+02:00] cms_signing.INFO: The file has been successfully signed. [] []
[2024-06-14T15:04:23.532369+02:00] cms_signing.INFO: The file has been successfully signed. [] []
[2024-06-14T15:04:48.948210+02:00] cms_signing.INFO: The file has been successfully signed. [] []
[2024-06-14T15:08:54.003959+02:00] cms_signing.INFO: The file has been successfully signed. [] []
[2024-06-14T15:10:55.145060+02:00] cms_signing.INFO: The file has been successfully signed. [] []
[2024-06-14T15:13:09.844704+02:00] cms_signing.INFO: The file has been successfully signed. [] []
[2024-06-14T15:13:47.770496+02:00] cms_signing.INFO: The file has been successfully signed. [] []
[2024-06-14T15:17:02.347097+02:00] cms_signing.INFO: The file has been successfully signed. [] []
[2024-06-14T15:22:46.076053+02:00] cms_signing.INFO: The file has been successfully signed. [] []
[2024-06-14T15:23:22.425997+02:00] cms_signing.INFO: The file has been successfully signed. [] []
[2024-06-14T15:23:24.032224+02:00] cms_signing.INFO: The file has been successfully signed. [] []
[2024-06-14T15:24:37.720508+02:00] cms_signing.INFO: The file has been successfully signed. [] []
[2024-06-14T15:25:44.097601+02:00] cms_signing.INFO: The file has been successfully signed. [] []
[2024-06-14T15:26:00.305431+02:00] cms_signing.INFO: The file has been successfully signed. [] []
[2024-06-14T15:27:37.112310+02:00] cms_signing.INFO: The file has been successfully signed. [] []
[2024-06-14T15:28:19.396387+02:00] cms_signing.INFO: The file has been successfully signed. [] []
[2024-06-14T15:28:23.320125+02:00] cms_signing.INFO: The file has been successfully signed. [] []
[2024-06-14T15:28:56.651806+02:00] cms_signing.INFO: The file has been successfully signed. [] []
[2024-06-14T15:29:23.725110+02:00] cms_signing.INFO: The file has been successfully signed. [] []
[2024-06-14T15:29:25.749126+02:00] cms_signing.INFO: The file has been successfully signed. [] []
[2024-06-14T15:30:02.389992+02:00] cms_signing.INFO: The file has been successfully signed. [] []
[2024-06-14T15:30:04.323729+02:00] cms_signing.INFO: The file has been successfully signed. [] []
[2024-06-14T15:32:40.069882+02:00] cms_signing.INFO: The file has been successfully signed. [] []
[2024-06-14T15:41:54.167455+02:00] cms_signing.INFO: The file has been successfully signed. [] []
[2024-06-14T15:47:06.342338+02:00] cms_signing.INFO: The file has been successfully signed. [] []
[2024-06-14T15:48:24.602228+02:00] cms_signing.INFO: The file has been successfully signed. [] []
[2024-06-14T15:49:08.409678+02:00] cms_signing.INFO: The file has been successfully signed. [] []
[2024-06-14T15:49:47.774920+02:00] cms_signing.INFO: The file has been successfully signed. [] []
[2024-06-14T15:49:49.087490+02:00] cms_signing.INFO: The file has been successfully signed. [] []
[2024-06-14T16:11:14.815477+02:00] cms_signing.INFO: The file has been successfully signed. [] []
[2024-06-14T16:12:14.535357+02:00] cms_signing.INFO: The file has been successfully signed. [] []
[2024-06-14T16:19:59.402210+02:00] cms_signing.INFO: The file has been successfully signed. [] []
[2024-06-14T16:26:15.955585+02:00] cms_signing.INFO: The file has been successfully signed. [] []
[2024-06-14T16:26:44.039053+02:00] cms_signing.INFO: The file has been successfully signed. [] []
[2024-06-14T16:27:58.501117+02:00] cms_signing.INFO: The file has been successfully signed. [] []
[2024-06-14T16:28:52.766764+02:00] cms_signing.INFO: The file has been successfully signed. [] []
[2024-06-14T16:29:17.857284+02:00] cms_signing.INFO: The file has been successfully signed. [] []
[2024-06-14T16:29:32.951897+02:00] cms_signing.INFO: The file has been successfully signed. [] []
[2024-06-14T16:31:02.472656+02:00] cms_signing.INFO: The file has been successfully signed. [] []
[2024-06-14T16:33:28.566643+02:00] cms_signing.INFO: The file has been successfully signed. [] []
[2024-06-14T16:34:09.775419+02:00] cms_signing.INFO: The file has been successfully signed. [] []
[2024-06-14T16:39:17.957977+02:00] cms_signing.INFO: The file has been successfully signed. [] []
[2024-06-14T16:39:20.298627+02:00] cms_signing.INFO: The file has been successfully signed. [] []
[2024-06-14T16:40:32.931453+02:00] cms_signing.INFO: The file has been successfully signed. [] []
[2024-06-14T16:42:39.881442+02:00] cms_signing.INFO: The file has been successfully signed. [] []
[2024-06-14T16:43:40.730550+02:00] cms_signing.INFO: The file has been successfully signed. [] []
[2024-06-14T16:43:50.661583+02:00] cms_signing.INFO: The file has been successfully signed. [] []
[2024-06-14T16:45:04.084391+02:00] cms_signing.INFO: The file has been successfully signed. [] []
[2024-06-14T16:45:56.510708+02:00] cms_signing.INFO: The file has been successfully signed. [] []
[2024-06-14T16:46:20.004244+02:00] cms_signing.INFO: The file has been successfully signed. [] []
[2024-06-14T16:48:30.235864+02:00] cms_signing.INFO: The file has been successfully signed. [] []
[2024-06-14T16:51:01.621102+02:00] cms_signing.INFO: The file has been successfully signed. [] []
[2024-06-14T16:58:06.278300+02:00] cms_signing.INFO: The file has been successfully signed. [] []
[2024-06-14T16:58:53.040999+02:00] cms_signing.INFO: The file has been successfully signed. [] []
[2024-06-14T16:59:02.772734+02:00] cms_signing.INFO: The file has been successfully signed. [] []
[2024-06-14T17:00:08.065954+02:00] cms_signing.INFO: The file has been successfully signed. [] []
[2024-06-14T17:02:12.946134+02:00] cms_signing.INFO: The file has been successfully signed. [] []
[2024-06-14T17:02:16.679322+02:00] cms_signing.INFO: The file has been successfully signed. [] []
[2024-06-14T20:30:32.192075+02:00] cms_signing.INFO: The file has been successfully signed. [] []
[2024-06-14T20:36:41.068041+02:00] cms_signing.INFO: The file has been successfully signed. [] []
[2024-06-14T20:36:57.136024+02:00] cms_signing.INFO: The file has been successfully signed. [] []
[2024-06-14T20:43:02.702639+02:00] cms_signing.INFO: The file has been successfully signed. [] []
[2024-06-14T20:43:04.000776+02:00] cms_signing.INFO: The file has been successfully signed. [] []
[2024-06-14T20:45:51.364560+02:00] cms_signing.INFO: The file has been successfully signed. [] []
[2024-06-14T20:45:51.828586+02:00] cms_signing.INFO: The file has been successfully signed. [] []
[2024-06-14T20:46:51.118337+02:00] cms_signing.INFO: The file has been successfully signed. [] []
[2024-06-14T20:46:51.791265+02:00] cms_signing.INFO: The file has been successfully signed. [] []
[2024-06-14T20:47:25.160321+02:00] cms_signing.INFO: The file has been successfully signed. [] []
[2024-06-14T20:47:25.887496+02:00] cms_signing.INFO: The file has been successfully signed. [] []
[2024-06-14T20:47:55.032034+02:00] cms_signing.INFO: The file has been successfully signed. [] []
[2024-06-14T20:47:55.505411+02:00] cms_signing.INFO: The file has been successfully signed. [] []
[2024-06-14T20:49:15.149858+02:00] cms_signing.INFO: The file has been successfully signed. [] []
[2024-06-14T20:49:16.283082+02:00] cms_signing.INFO: The file has been successfully signed. [] []
[2024-06-14T20:49:18.322545+02:00] cms_signing.INFO: The file has been successfully signed. [] []
[2024-06-14T20:49:20.138590+02:00] cms_signing.INFO: The file has been successfully signed. [] []
[2024-06-14T20:49:31.458354+02:00] cms_signing.INFO: The file has been successfully signed. [] []
[2024-06-14T20:49:31.936525+02:00] cms_signing.INFO: The file has been successfully signed. [] []
[2024-06-14T20:52:34.526184+02:00] cms_signing.INFO: The file has been successfully signed. [] []
[2024-06-14T20:52:36.971301+02:00] cms_signing.INFO: The file has been successfully signed. [] []
[2024-06-14T20:54:17.484865+02:00] cms_signing.INFO: The file has been successfully signed. [] []
[2024-06-14T20:56:26.453970+02:00] cms_signing.INFO: The file has been successfully signed. [] []
[2024-06-14T20:56:26.490225+02:00] cms_signing.INFO: The file has been successfully signed. [] []
[2024-06-14T20:57:51.815352+02:00] cms_signing.INFO: The file has been successfully signed. [] []
[2024-06-14T20:57:51.862036+02:00] cms_signing.INFO: The file has been successfully signed. [] []
[2024-06-14T20:58:40.887436+02:00] cms_signing.INFO: The file has been successfully signed. [] []
[2024-06-14T20:58:41.030045+02:00] cms_signing.INFO: The file has been successfully signed. [] []
[2024-06-14T20:59:06.934465+02:00] cms_signing.INFO: The file has been successfully signed. [] []
[2024-06-14T20:59:06.994777+02:00] cms_signing.INFO: The file has been successfully signed. [] []
[2024-06-14T20:59:58.611065+02:00] cms_signing.INFO: The file has been successfully signed. [] []
[2024-06-14T20:59:58.647401+02:00] cms_signing.INFO: The file has been successfully signed. [] []
[2024-06-14T21:00:58.795997+02:00] cms_signing.INFO: The file has been successfully signed. [] []
[2024-06-14T21:00:58.856901+02:00] cms_signing.INFO: The file has been successfully signed. [] []
[2024-06-14T21:07:07.691929+02:00] cms_signing.INFO: The file has been successfully signed. [] []
[2024-06-14T21:07:07.733436+02:00] cms_signing.INFO: The file has been successfully signed. [] []
[2024-06-14T21:07:39.592426+02:00] cms_signing.INFO: The file has been successfully signed. [] []
[2024-06-14T21:07:39.635520+02:00] cms_signing.INFO: The file has been successfully signed. [] []
[2024-06-14T21:07:49.350897+02:00] cms_signing.INFO: The file has been successfully signed. [] []
[2024-06-14T21:07:49.393552+02:00] cms_signing.INFO: The file has been successfully signed. [] []
[2024-06-14T21:08:46.377375+02:00] cms_signing.INFO: The file has been successfully signed. [] []
[2024-06-14T21:08:46.419096+02:00] cms_signing.INFO: The file has been successfully signed. [] []
[2024-06-14T21:48:06.590269+02:00] cms_signing.INFO: The file has been successfully signed. [] []
[2024-06-14T21:48:06.650074+02:00] cms_signing.INFO: The file has been successfully signed. [] []
[2024-06-14T21:48:45.190717+02:00] cms_signing.ERROR: Failed to sign the file. [] []
[2024-06-14T22:00:14.827642+02:00] cms_signing.INFO: The file has been successfully signed. [] []
[2024-06-14T22:00:14.887498+02:00] cms_signing.INFO: The file has been successfully signed. [] []
[2024-06-14T22:49:17.943463+02:00] cms_signing.INFO: The file has been successfully signed. [] []
[2024-06-14T22:49:17.993504+02:00] cms_signing.INFO: The file has been successfully signed. [] []
[2024-06-15T01:14:47.602493+02:00] cms_signing.INFO: The file has been successfully signed. [] []
[2024-06-15T01:14:47.663956+02:00] cms_signing.INFO: The file has been successfully signed. [] []
[2024-06-15T01:15:59.335620+02:00] cms_signing.INFO: The file has been successfully signed. [] []
[2024-06-15T01:15:59.383060+02:00] cms_signing.INFO: The file has been successfully signed. [] []
[2024-06-15T01:19:18.212358+02:00] cms_signing.INFO: The file has been successfully signed. [] []
[2024-06-15T01:19:18.256620+02:00] cms_signing.INFO: The file has been successfully signed. [] []
[2024-06-15T01:21:28.156217+02:00] cms_signing.INFO: The file has been successfully signed. [] []
[2024-06-15T01:21:28.199550+02:00] cms_signing.INFO: The file has been successfully signed. [] []
[2024-06-15T01:22:39.684659+02:00] cms_signing.INFO: The file has been successfully signed. [] []
[2024-06-15T01:22:39.738731+02:00] cms_signing.INFO: The file has been successfully signed. [] []
[2024-06-15T01:23:34.353153+02:00] cms_signing.INFO: The file has been successfully signed. [] []
[2024-06-15T01:23:34.399757+02:00] cms_signing.INFO: The file has been successfully signed. [] []
[2024-06-15T01:25:33.467577+02:00] cms_signing.INFO: The file has been successfully signed. [] []
[2024-06-15T01:25:33.508976+02:00] cms_signing.INFO: The file has been successfully signed. [] []
[2024-06-15T01:29:28.502438+02:00] cms_signing.INFO: The file has been successfully signed. [] []
[2024-06-15T01:29:28.549691+02:00] cms_signing.INFO: The file has been successfully signed. [] []
[2024-06-15T02:05:12.883847+02:00] cms_signing.INFO: The file has been successfully signed. [] []
[2024-06-15T02:06:40.866202+02:00] cms_signing.INFO: The file has been successfully signed. [] []
[2024-06-15T02:11:08.894264+02:00] cms_signing.INFO: The file has been successfully signed. [] []
[2024-06-15T02:11:08.940825+02:00] cms_signing.INFO: The file has been successfully signed. [] []
[2024-06-15T02:13:21.045261+02:00] cms_signing.INFO: The file has been successfully signed. [] []
[2024-06-15T02:13:21.087786+02:00] cms_signing.INFO: The file has been successfully signed. [] []
[2024-06-15T02:15:20.541686+02:00] cms_signing.INFO: The file has been successfully signed. [] []
[2024-06-15T02:15:20.581908+02:00] cms_signing.INFO: The file has been successfully signed. [] []
[2024-06-15T02:19:57.325448+02:00] cms_signing.INFO: The file has been successfully signed. [] []
[2024-06-15T02:19:57.376761+02:00] cms_signing.INFO: The file has been successfully signed. [] []
[2024-06-15T02:21:27.592705+02:00] cms_signing.INFO: The file has been successfully signed. [] []
[2024-06-15T02:21:27.633428+02:00] cms_signing.INFO: The file has been successfully signed. [] []
[2024-06-15T02:21:59.581216+02:00] cms_signing.INFO: The file has been successfully signed. [] []
[2024-06-15T02:21:59.630103+02:00] cms_signing.INFO: The file has been successfully signed. [] []
[2024-06-15T02:23:09.301204+02:00] cms_signing.INFO: The file has been successfully signed. [] []
[2024-06-15T02:23:09.366226+02:00] cms_signing.INFO: The file has been successfully signed. [] []
[2024-06-15T02:26:11.172622+02:00] cms_signing.INFO: The file has been successfully signed. [] []
[2024-06-15T02:26:11.217503+02:00] cms_signing.INFO: The file has been successfully signed. [] []
[2024-06-15T02:35:24.703650+02:00] cms_signing.INFO: The file has been successfully signed. [] []
[2024-06-15T02:35:24.753047+02:00] cms_signing.INFO: The file has been successfully signed. [] []
[2024-06-15T02:35:41.637667+02:00] cms_signing.INFO: The file has been successfully signed. [] []
[2024-06-15T02:35:41.681673+02:00] cms_signing.INFO: The file has been successfully signed. [] []
[2024-06-15T02:37:08.019375+02:00] cms_signing.INFO: The file has been successfully signed. [] []
[2024-06-15T02:38:09.561679+02:00] cms_signing.INFO: The file has been successfully signed. [] []
[2024-06-15T02:39:54.368644+02:00] cms_signing.INFO: The file has been successfully signed. [] []
[2024-06-15T02:39:59.402472+02:00] cms_signing.INFO: The file has been successfully signed. [] []
[2024-06-15T02:41:03.812723+02:00] cms_signing.INFO: The file has been successfully signed. [] []
[2024-06-15T02:41:15.733763+02:00] cms_signing.INFO: The file has been successfully signed. [] []
[2024-06-15T02:43:43.583801+02:00] cms_signing.ERROR: Failed to sign the file. [] []
[2024-06-15T02:47:01.701565+02:00] cms_signing.INFO: The file has been successfully signed. [] []
[2024-06-15T02:59:27.491226+02:00] cms_signing.INFO: The file has been successfully signed. [] []
[2024-06-15T03:00:49.970213+02:00] cms_signing.INFO: The file has been successfully signed. [] []
[2024-06-15T03:01:33.236352+02:00] cms_signing.INFO: The file has been successfully signed. [] []
[2024-06-15T03:02:43.055267+02:00] cms_signing.INFO: The file has been successfully signed. [] []
[2024-06-15T03:03:34.296926+02:00] cms_signing.INFO: The file has been successfully signed. [] []
[2024-06-16T10:46:00.783761+02:00] cms_signing.INFO: The file has been successfully signed. [] []
[2024-06-16T10:46:54.581356+02:00] cms_signing.INFO: The file has been successfully signed. [] []
[2024-06-16T10:47:38.073220+02:00] cms_signing.INFO: The file has been successfully signed. [] []
[2024-06-16T10:48:07.054248+02:00] cms_signing.INFO: The file has been successfully signed. [] []
[2024-06-16T10:49:10.815063+02:00] cms_signing.INFO: The file has been successfully signed. [] []
[2024-06-16T10:49:45.966281+02:00] cms_signing.INFO: The file has been successfully signed. [] []
[2024-06-16T10:52:12.355438+02:00] cms_signing.INFO: The file has been successfully signed. [] []
[2024-06-16T10:55:05.906350+02:00] cms_signing.INFO: The file has been successfully signed. [] []
[2024-06-16T10:56:29.770428+02:00] cms_signing.INFO: The file has been successfully signed. [] []
[2024-06-16T10:57:16.607281+02:00] cms_signing.INFO: The file has been successfully signed. [] []
[2024-06-16T10:57:57.540163+02:00] cms_signing.INFO: The file has been successfully signed. [] []
[2024-06-16T10:58:24.254999+02:00] cms_signing.INFO: The file has been successfully signed. [] []
[2024-06-16T11:01:09.071221+02:00] cms_signing.INFO: The file has been successfully signed. [] []
[2024-06-16T11:01:37.672949+02:00] cms_signing.INFO: The file has been successfully signed. [] []
[2024-06-16T11:01:39.437935+02:00] cms_signing.INFO: The file has been successfully signed. [] []
[2024-06-16T11:03:43.247331+02:00] cms_signing.INFO: The file has been successfully signed. [] []
[2024-06-16T11:05:27.368965+02:00] cms_signing.INFO: The file has been successfully signed. [] []
[2024-06-16T11:08:35.069879+02:00] cms_signing.INFO: The file has been successfully signed. [] []
[2024-06-16T11:12:35.075581+02:00] cms_signing.INFO: The file has been successfully signed. [] []
[2024-06-16T11:15:41.695864+02:00] cms_signing.INFO: The file has been successfully signed. [] []
[2024-06-16T11:16:04.706931+02:00] cms_signing.INFO: The file has been successfully signed. [] []
[2024-06-16T11:21:54.107414+02:00] cms_signing.INFO: The file has been successfully signed. [] []
[2024-06-16T13:43:19.330841+02:00] cms_signing.INFO: The file has been successfully signed. [] []
[2024-06-16T13:44:21.910900+02:00] cms_signing.INFO: The file has been successfully signed. [] []
[2024-06-16T13:46:56.149620+02:00] cms_signing.INFO: The file has been successfully signed. [] []
[2024-06-16T14:01:55.924051+02:00] cms_signing.INFO: The file has been successfully signed. [] []
[2024-06-16T14:02:00.095110+02:00] cms_signing.INFO: The file has been successfully signed. [] []
[2024-06-16T14:02:13.522302+02:00] cms_signing.INFO: The file has been successfully signed. [] []
[2024-06-16T14:03:04.519595+02:00] cms_signing.INFO: The file has been successfully signed. [] []
[2024-06-16T14:04:09.830852+02:00] cms_signing.INFO: The file has been successfully signed. [] []
[2024-06-16T14:04:44.660518+02:00] cms_signing.INFO: The file has been successfully signed. [] []
[2024-06-16T14:06:17.650169+02:00] cms_signing.INFO: The file has been successfully signed. [] []
[2024-06-16T14:06:44.663701+02:00] cms_signing.INFO: The file has been successfully signed. [] []
[2024-06-16T14:08:35.994395+02:00] cms_signing.ERROR: Failed to sign the file. [] []
[2024-06-16T14:09:36.534281+02:00] cms_signing.INFO: The file has been successfully signed. [] []
[2024-06-16T14:10:07.534646+02:00] cms_signing.INFO: The file has been successfully signed. [] []
[2024-06-16T14:12:30.667484+02:00] cms_signing.INFO: The file has been successfully signed. [] []
[2024-06-16T14:18:46.048334+02:00] cms_signing.INFO: The file has been successfully signed. [] []
[2024-06-16T14:18:54.938778+02:00] cms_signing.INFO: The file has been successfully signed. [] []
[2024-06-16T14:19:46.136362+02:00] cms_signing.INFO: The file has been successfully signed. [] []
[2024-06-16T14:26:39.691788+02:00] cms_signing.INFO: The file has been successfully signed. [] []
[2024-06-16T14:29:00.000738+02:00] cms_signing.INFO: The file has been successfully signed. [] []
[2024-06-16T14:29:11.617419+02:00] cms_signing.INFO: The file has been successfully signed. [] []
[2024-06-16T14:31:35.511491+02:00] cms_signing.INFO: The file has been successfully signed. [] []
[2024-06-16T14:32:06.902274+02:00] cms_signing.INFO: The file has been successfully signed. [] []
[2024-06-16T14:33:22.685147+02:00] cms_signing.INFO: The file has been successfully signed. [] []
[2024-06-16T14:34:19.611680+02:00] cms_signing.INFO: The file has been successfully signed. [] []
[2024-06-16T14:41:27.400395+02:00] cms_signing.INFO: The file has been successfully signed. [] []
[2024-06-16T14:42:29.988279+02:00] cms_signing.INFO: The file has been successfully signed. [] []
[2024-06-16T14:42:48.515459+02:00] cms_signing.INFO: The file has been successfully signed. [] []
[2024-06-16T14:49:05.578730+02:00] cms_signing.INFO: The file has been successfully signed. [] []
[2024-06-16T14:51:57.921592+02:00] cms_signing.INFO: The file has been successfully signed. [] []
[2024-06-16T14:52:32.605073+02:00] cms_signing.INFO: The file has been successfully signed. [] []
[2024-06-16T14:57:48.691131+02:00] cms_signing.INFO: The file has been successfully signed. [] []
[2024-06-16T14:58:37.120038+02:00] cms_signing.INFO: The file has been successfully signed. [] []
[2024-06-16T15:03:09.681942+02:00] cms_signing.INFO: The file has been successfully signed. [] []
[2024-06-16T15:06:11.446790+02:00] cms_signing.INFO: The file has been successfully signed. [] []
[2024-06-16T15:06:11.485357+02:00] cms_signing.INFO: The file has been successfully signed. [] []
[2024-06-16T15:08:53.750276+02:00] cms_signing.INFO: The file has been successfully signed. [] []
[2024-06-16T15:08:53.772012+02:00] cms_signing.INFO: The file has been successfully signed. [] []
[2024-06-16T15:17:32.625571+02:00] cms_signing.INFO: The file has been successfully signed. [] []
[2024-06-16T15:17:32.666168+02:00] cms_signing.INFO: The file has been successfully signed. [] []
[2024-06-16T15:18:37.383770+02:00] cms_signing.INFO: The file has been successfully signed. [] []
[2024-06-16T15:18:37.413471+02:00] cms_signing.INFO: The file has been successfully signed. [] []
[2024-06-16T15:20:25.383637+02:00] cms_signing.INFO: The file has been successfully signed. [] []
[2024-06-16T15:20:25.444780+02:00] cms_signing.INFO: The file has been successfully signed. [] []
[2024-06-16T15:21:13.301262+02:00] cms_signing.INFO: The file has been successfully signed. [] []
[2024-06-16T15:21:13.346211+02:00] cms_signing.INFO: The file has been successfully signed. [] []
[2024-06-16T15:26:31.205107+02:00] cms_signing.INFO: The file has been successfully signed. [] []
[2024-06-16T15:26:31.256981+02:00] cms_signing.INFO: The file has been successfully signed. [] []
[2024-06-16T15:28:18.939842+02:00] cms_signing.INFO: The file has been successfully signed. [] []
[2024-06-16T15:28:18.993620+02:00] cms_signing.INFO: The file has been successfully signed. [] []
[2024-06-16T15:29:38.208514+02:00] cms_signing.INFO: The file has been successfully signed. [] []
[2024-06-16T15:29:38.250834+02:00] cms_signing.INFO: The file has been successfully signed. [] []
[2024-06-16T15:31:12.325107+02:00] cms_signing.INFO: The file has been successfully signed. [] []
[2024-06-16T15:31:12.381690+02:00] cms_signing.INFO: The file has been successfully signed. [] []
[2024-06-16T17:20:08.796730+02:00] cms_signing.INFO: The file has been successfully signed. [] []
[2024-06-16T17:20:08.850760+02:00] cms_signing.INFO: The file has been successfully signed. [] []
[2024-06-16T17:21:45.362857+02:00] cms_signing.INFO: The file has been successfully signed. [] []
[2024-06-16T17:21:45.428124+02:00] cms_signing.INFO: The file has been successfully signed. [] []
[2024-06-16T17:23:11.360643+02:00] cms_signing.INFO: The file has been successfully signed. [] []
[2024-06-16T17:23:11.438674+02:00] cms_signing.INFO: The file has been successfully signed. [] []
[2024-06-16T17:23:30.962997+02:00] cms_signing.INFO: The file has been successfully signed. [] []
[2024-06-16T17:23:31.035392+02:00] cms_signing.INFO: The file has been successfully signed. [] []
[2024-06-16T17:23:51.749266+02:00] cms_signing.INFO: The file has been successfully signed. [] []
[2024-06-16T17:23:51.834183+02:00] cms_signing.INFO: The file has been successfully signed. [] []
[2024-06-16T17:24:02.878662+02:00] cms_signing.INFO: The file has been successfully signed. [] []
[2024-06-16T17:24:02.960848+02:00] cms_signing.INFO: The file has been successfully signed. [] []
[2024-06-16T17:24:20.585271+02:00] cms_signing.INFO: The file has been successfully signed. [] []
[2024-06-16T17:24:20.659747+02:00] cms_signing.INFO: The file has been successfully signed. [] []
[2024-06-16T17:24:38.508072+02:00] cms_signing.INFO: The file has been successfully signed. [] []
[2024-06-16T17:24:38.585451+02:00] cms_signing.INFO: The file has been successfully signed. [] []
[2024-06-16T17:24:57.789332+02:00] cms_signing.INFO: The file has been successfully signed. [] []
[2024-06-16T17:24:57.872175+02:00] cms_signing.INFO: The file has been successfully signed. [] []
[2024-06-16T17:25:11.252037+02:00] cms_signing.INFO: The file has been successfully signed. [] []
[2024-06-16T17:25:11.321475+02:00] cms_signing.INFO: The file has been successfully signed. [] []
[2024-06-16T17:25:36.915749+02:00] cms_signing.INFO: The file has been successfully signed. [] []
[2024-06-16T17:25:37.036512+02:00] cms_signing.INFO: The file has been successfully signed. [] []
[2024-06-16T17:27:10.934207+02:00] cms_signing.INFO: The file has been successfully signed. [] []
[2024-06-16T17:27:11.002023+02:00] cms_signing.INFO: The file has been successfully signed. [] []
[2024-06-16T17:28:38.174802+02:00] cms_signing.INFO: The file has been successfully signed. [] []
[2024-06-16T17:28:38.226115+02:00] cms_signing.INFO: The file has been successfully signed. [] []
[2024-06-16T17:53:58.183704+02:00] cms_signing.INFO: The file has been successfully signed. [] []
[2024-06-16T17:53:58.290118+02:00] cms_signing.INFO: The file has been successfully signed. [] []
[2024-06-16T21:44:25.164508+02:00] cms_signing.INFO: The file has been successfully signed. [] []
[2024-06-16T21:46:00.198368+02:00] cms_signing.INFO: The file has been successfully signed. [] []
[2024-06-16T21:51:24.691456+02:00] cms_signing.INFO: The file has been successfully signed. [] []
[2024-06-16T21:56:37.960313+02:00] cms_signing.INFO: The file has been successfully signed. [] []
[2024-06-16T21:56:58.568485+02:00] cms_signing.INFO: The file has been successfully signed. [] []
[2024-06-16T22:00:22.899230+02:00] cms_signing.INFO: The file has been successfully signed. [] []
[2024-06-16T22:01:24.392903+02:00] cms_signing.INFO: The file has been successfully signed. [] []
[2024-06-16T22:02:21.347974+02:00] cms_signing.INFO: The file has been successfully signed. [] []
[2024-06-16T22:05:10.927397+02:00] cms_signing.INFO: The file has been successfully signed. [] []
[2024-06-16T22:05:24.278724+02:00] cms_signing.INFO: The file has been successfully signed. [] []
[2024-06-16T22:08:32.405226+02:00] cms_signing.INFO: The file has been successfully signed. [] []
[2024-06-16T22:09:27.737131+02:00] cms_signing.INFO: The file has been successfully signed. [] []
[2024-06-16T22:17:18.292513+02:00] cms_signing.INFO: The file has been successfully signed. [] []
[2024-06-16T22:17:33.632971+02:00] cms_signing.INFO: The file has been successfully signed. [] []
[2024-06-16T22:18:18.672244+02:00] cms_signing.INFO: The file has been successfully signed. [] []
[2024-06-16T22:20:03.566004+02:00] cms_signing.INFO: The file has been successfully signed. [] []
[2024-06-16T22:20:13.971715+02:00] cms_signing.INFO: The file has been successfully signed. [] []
[2024-06-16T22:21:27.788169+02:00] cms_signing.INFO: The file has been successfully signed. [] []
[2024-06-16T22:25:23.726906+02:00] cms_signing.INFO: The file has been successfully signed. [] []
[2024-06-16T22:26:25.243479+02:00] cms_signing.INFO: The file has been successfully signed. [] []
[2024-06-16T22:27:08.490755+02:00] cms_signing.INFO: The file has been successfully signed. [] []
[2024-06-16T22:27:32.919165+02:00] cms_signing.INFO: The file has been successfully signed. [] []
[2024-06-16T22:28:58.351342+02:00] cms_signing.INFO: The file has been successfully signed. [] []
[2024-06-16T22:29:24.334657+02:00] cms_signing.INFO: The file has been successfully signed. [] []
[2024-06-16T22:30:27.765300+02:00] cms_signing.INFO: The file has been successfully signed. [] []
[2024-06-16T22:30:43.048501+02:00] cms_signing.INFO: The file has been successfully signed. [] []
[2024-06-16T22:31:13.939841+02:00] cms_signing.INFO: The file has been successfully signed. [] []
[2024-06-16T22:31:20.078519+02:00] cms_signing.INFO: The file has been successfully signed. [] []
[2024-06-16T22:32:29.134679+02:00] cms_signing.INFO: The file has been successfully signed. [] []
[2024-06-16T22:32:55.453923+02:00] cms_signing.INFO: The file has been successfully signed. [] []
[2024-06-16T22:33:02.394192+02:00] cms_signing.INFO: The file has been successfully signed. [] []
[2024-06-16T22:33:26.443347+02:00] cms_signing.INFO: The file has been successfully signed. [] []
[2024-06-16T22:33:28.118496+02:00] cms_signing.INFO: The file has been successfully signed. [] []
[2024-06-16T22:33:29.472951+02:00] cms_signing.INFO: The file has been successfully signed. [] []
[2024-06-16T22:58:09.710431+02:00] cms_signing.INFO: The file has been successfully signed. [] []
[2024-06-16T23:01:27.884414+02:00] cms_signing.INFO: The file has been successfully signed. [] []
[2024-06-16T23:23:53.008946+02:00] cms_signing.INFO: The file has been successfully signed. [] []
[2024-06-17T01:20:29.653733+02:00] cms_signing.INFO: The file has been successfully signed. [] []
[2024-06-17T11:21:31.148893+02:00] cms_signing.INFO: The file has been successfully signed. [] []
[2024-06-17T11:35:41.884042+02:00] cms_signing.INFO: The file has been successfully signed. [] []
[2024-06-17T19:36:03.672974+02:00] cms_signing.INFO: The file has been successfully signed. [] []
[2024-06-17T19:36:03.834927+02:00] cms_signing.INFO: The file has been successfully signed. [] []
[2024-06-17T19:42:35.051461+02:00] cms_signing.INFO: The file has been successfully signed. [] []
[2024-06-17T19:43:16.284036+02:00] cms_signing.INFO: The file has been successfully signed. [] []
[2024-06-17T20:06:01.445108+02:00] cms_signing.INFO: The file has been successfully signed. [] []
[2024-06-17T20:11:48.240904+02:00] cms_signing.INFO: The file has been successfully signed. [] []
[2024-06-17T20:11:50.918542+02:00] cms_signing.INFO: The file has been successfully signed. [] []
[2024-06-17T20:12:21.210500+02:00] cms_signing.INFO: The file has been successfully signed. [] []
[2024-06-18T00:34:04.715295+02:00] cms_signing.INFO: The file has been successfully signed. [] []
[2024-06-18T00:43:20.203581+02:00] cms_signing.INFO: The file has been successfully signed. [] []
[2024-06-18T00:43:23.290040+02:00] cms_signing.INFO: The file has been successfully signed. [] []
[2024-06-18T00:53:32.018176+02:00] cms_signing.INFO: The file has been successfully signed. [] []
[2024-06-18T00:54:54.324748+02:00] cms_signing.INFO: The file has been successfully signed. [] []
[2024-06-18T00:55:50.700725+02:00] cms_signing.INFO: The file has been successfully signed. [] []
[2024-06-18T01:34:32.051861+02:00] cms_signing.INFO: The file has been successfully signed. [] []
[2024-06-18T01:35:44.439506+02:00] cms_signing.INFO: The file has been successfully signed. [] []
[2024-06-18T01:36:08.469877+02:00] cms_signing.INFO: The file has been successfully signed. [] []
[2024-06-18T10:21:49.449107+02:00] cms_signing.INFO: The file has been successfully signed. [] []
[2024-06-18T10:24:32.533897+02:00] cms_signing.INFO: The file has been successfully signed. [] []
[2024-06-18T10:41:46.358443+02:00] cms_signing.INFO: The file has been successfully signed. [] []
[2024-06-18T10:44:43.377113+02:00] cms_signing.INFO: The file has been successfully signed. [] []
[2024-06-18T10:45:30.352269+02:00] cms_signing.INFO: The file has been successfully signed. [] []
[2024-06-18T10:51:10.653732+02:00] cms_signing.INFO: The file has been successfully signed. [] []
[2024-06-18T10:51:13.029666+02:00] cms_signing.INFO: The file has been successfully signed. [] []
[2024-06-18T10:52:52.410607+02:00] cms_signing.INFO: The file has been successfully signed. [] []
[2024-06-18T10:52:54.514445+02:00] cms_signing.INFO: The file has been successfully signed. [] []
[2024-06-18T10:56:31.836746+02:00] cms_signing.INFO: The file has been successfully signed. [] []
[2024-06-18T10:57:47.965510+02:00] cms_signing.INFO: The file has been successfully signed. [] []
[2024-06-18T10:58:04.561274+02:00] cms_signing.INFO: The file has been successfully signed. [] []
[2024-06-18T10:58:06.261920+02:00] cms_signing.INFO: The file has been successfully signed. [] []
[2024-06-18T11:00:43.662196+02:00] cms_signing.INFO: The file has been successfully signed. [] []
[2024-06-18T11:00:45.129530+02:00] cms_signing.INFO: The file has been successfully signed. [] []
[2024-06-18T11:00:46.215757+02:00] cms_signing.INFO: The file has been successfully signed. [] []
[2024-06-18T11:01:29.209898+02:00] cms_signing.INFO: The file has been successfully signed. [] []
[2024-06-18T11:07:10.554561+02:00] cms_signing.INFO: The file has been successfully signed. [] []
[2024-06-18T11:08:03.359967+02:00] cms_signing.INFO: The file has been successfully signed. [] []
[2024-06-18T11:08:06.199346+02:00] cms_signing.INFO: The file has been successfully signed. [] []
[2024-06-18T11:08:22.826488+02:00] cms_signing.INFO: The file has been successfully signed. [] []
[2024-06-18T11:12:50.669914+02:00] cms_signing.INFO: The file has been successfully signed. [] []
[2024-06-18T11:12:50.728606+02:00] cms_signing.INFO: The file has been successfully signed. [] []
[2024-06-18T11:13:18.711533+02:00] cms_signing.INFO: The file has been successfully signed. [] []
[2024-06-18T11:13:41.761903+02:00] cms_signing.INFO: The file has been successfully signed. [] []
[2024-06-18T11:13:41.806039+02:00] cms_signing.INFO: The file has been successfully signed. [] []
[2024-06-18T11:15:22.865719+02:00] cms_signing.INFO: The file has been successfully signed. [] []
[2024-06-18T11:15:22.909236+02:00] cms_signing.INFO: The file has been successfully signed. [] []
[2024-06-18T11:15:25.124642+02:00] cms_signing.INFO: The file has been successfully signed. [] []
[2024-06-18T13:53:15.696394+02:00] cms_signing.INFO: The file has been successfully signed. [] []
[2024-06-18T13:53:15.735504+02:00] cms_signing.INFO: The file has been successfully signed. [] []
[2024-06-18T13:53:21.374217+02:00] cms_signing.INFO: The file has been successfully signed. [] []
[2024-06-18T13:54:27.023856+02:00] cms_signing.INFO: The file has been successfully signed. [] []
[2024-06-18T13:54:39.398924+02:00] cms_signing.INFO: The file has been successfully signed. [] []
[2024-06-18T13:56:19.458269+02:00] cms_signing.INFO: The file has been successfully signed. [] []
[2024-06-18T13:56:30.750140+02:00] cms_signing.INFO: The file has been successfully signed. [] []
[2024-06-18T13:56:30.794676+02:00] cms_signing.INFO: The file has been successfully signed. [] []
[2024-06-18T13:56:35.468088+02:00] cms_signing.INFO: The file has been successfully signed. [] []
[2024-06-18T13:56:58.077678+02:00] cms_signing.INFO: The file has been successfully signed. [] []
[2024-06-18T14:04:44.058338+02:00] cms_signing.INFO: The file has been successfully signed. [] []
[2024-06-18T14:04:44.084497+02:00] cms_signing.INFO: The file has been successfully signed. [] []
[2024-06-18T14:04:54.267082+02:00] cms_signing.INFO: The file has been successfully signed. [] []
[2024-06-18T14:04:54.299624+02:00] cms_signing.INFO: The file has been successfully signed. [] []
[2024-06-18T14:06:29.993450+02:00] cms_signing.INFO: The file has been successfully signed. [] []
[2024-06-18T14:06:30.017244+02:00] cms_signing.INFO: The file has been successfully signed. [] []
[2024-06-18T14:07:17.091254+02:00] cms_signing.INFO: The file has been successfully signed. [] []
[2024-06-18T14:07:17.124749+02:00] cms_signing.INFO: The file has been successfully signed. [] []
[2024-06-18T14:18:23.795495+02:00] cms_signing.INFO: The file has been successfully signed. [] []
[2024-06-18T14:18:23.819940+02:00] cms_signing.INFO: The file has been successfully signed. [] []
[2024-06-18T14:19:01.592860+02:00] cms_signing.INFO: The file has been successfully signed. [] []
[2024-06-18T14:19:01.619318+02:00] cms_signing.INFO: The file has been successfully signed. [] []
[2024-06-18T14:20:45.823142+02:00] cms_signing.INFO: The file has been successfully signed. [] []
[2024-06-18T14:20:45.849825+02:00] cms_signing.INFO: The file has been successfully signed. [] []
[2024-06-18T14:23:13.483816+02:00] cms_signing.INFO: The file has been successfully signed. [] []
[2024-06-18T14:23:13.507560+02:00] cms_signing.INFO: The file has been successfully signed. [] []
[2024-06-18T14:24:24.773007+02:00] cms_signing.INFO: The file has been successfully signed. [] []
[2024-06-18T14:24:24.799631+02:00] cms_signing.INFO: The file has been successfully signed. [] []
[2024-06-18T14:27:23.869584+02:00] cms_signing.INFO: The file has been successfully signed. [] []
[2024-06-18T14:27:33.688621+02:00] cms_signing.INFO: The file has been successfully signed. [] []
[2024-06-18T14:27:35.901438+02:00] cms_signing.INFO: The file has been successfully signed. [] []
[2024-06-18T14:27:37.605704+02:00] cms_signing.INFO: The file has been successfully signed. [] []
[2024-06-18T14:27:39.962228+02:00] cms_signing.INFO: The file has been successfully signed. [] []
[2024-06-18T14:28:23.218249+02:00] cms_signing.INFO: The file has been successfully signed. [] []
[2024-06-18T14:28:23.268408+02:00] cms_signing.INFO: The file has been successfully signed. [] []
[2024-06-18T14:28:27.144587+02:00] cms_signing.INFO: The file has been successfully signed. [] []
[2024-06-18T14:28:27.186517+02:00] cms_signing.INFO: The file has been successfully signed. [] []
[2024-06-18T14:28:28.945341+02:00] cms_signing.INFO: The file has been successfully signed. [] []
[2024-06-18T14:28:28.988322+02:00] cms_signing.INFO: The file has been successfully signed. [] []
[2024-06-18T14:28:30.171854+02:00] cms_signing.INFO: The file has been successfully signed. [] []
[2024-06-18T14:28:30.214013+02:00] cms_signing.INFO: The file has been successfully signed. [] []
[2024-06-18T14:28:32.271352+02:00] cms_signing.INFO: The file has been successfully signed. [] []
[2024-06-18T14:28:32.311140+02:00] cms_signing.INFO: The file has been successfully signed. [] []
[2024-06-18T14:28:36.017154+02:00] cms_signing.INFO: The file has been successfully signed. [] []
[2024-06-18T14:28:36.056257+02:00] cms_signing.INFO: The file has been successfully signed. [] []
[2024-06-18T14:28:57.637602+02:00] cms_signing.INFO: The file has been successfully signed. [] []
[2024-06-18T14:28:57.678250+02:00] cms_signing.INFO: The file has been successfully signed. [] []
[2024-06-18T14:28:58.701565+02:00] cms_signing.INFO: The file has been successfully signed. [] []
[2024-06-18T14:28:58.742742+02:00] cms_signing.INFO: The file has been successfully signed. [] []
[2024-06-18T14:28:59.974431+02:00] cms_signing.INFO: The file has been successfully signed. [] []
[2024-06-18T14:29:00.021066+02:00] cms_signing.INFO: The file has been successfully signed. [] []
[2024-06-18T14:29:21.718827+02:00] cms_signing.INFO: The file has been successfully signed. [] []
[2024-06-18T14:29:21.766612+02:00] cms_signing.INFO: The file has been successfully signed. [] []
[2024-06-18T14:36:54.420290+02:00] cms_signing.INFO: The file has been successfully signed. [] []
[2024-06-18T14:36:54.467170+02:00] cms_signing.INFO: The file has been successfully signed. [] []
[2024-06-18T14:37:41.183877+02:00] cms_signing.INFO: The file has been successfully signed. [] []
[2024-06-18T14:37:41.226830+02:00] cms_signing.INFO: The file has been successfully signed. [] []
[2024-06-18T14:45:53.182394+02:00] cms_signing.INFO: The file has been successfully signed. [] []
[2024-06-18T14:45:53.227006+02:00] cms_signing.INFO: The file has been successfully signed. [] []
[2024-06-18T14:45:55.124564+02:00] cms_signing.INFO: The file has been successfully signed. [] []
[2024-06-18T14:45:55.170343+02:00] cms_signing.INFO: The file has been successfully signed. [] []
[2024-06-18T14:46:31.441037+02:00] cms_signing.INFO: The file has been successfully signed. [] []
[2024-06-18T14:46:31.487868+02:00] cms_signing.INFO: The file has been successfully signed. [] []
[2024-06-18T14:46:33.166372+02:00] cms_signing.INFO: The file has been successfully signed. [] []
[2024-06-18T14:46:33.209561+02:00] cms_signing.INFO: The file has been successfully signed. [] []
[2024-06-18T14:50:36.950925+02:00] cms_signing.INFO: The file has been successfully signed. [] []
[2024-06-18T14:50:36.995057+02:00] cms_signing.INFO: The file has been successfully signed. [] []
[2024-06-18T14:54:31.131747+02:00] cms_signing.INFO: The file has been successfully signed. [] []
[2024-06-18T14:54:31.173683+02:00] cms_signing.INFO: The file has been successfully signed. [] []
[2024-06-18T14:57:16.790935+02:00] cms_signing.INFO: The file has been successfully signed. [] []
[2024-06-18T14:57:16.830717+02:00] cms_signing.INFO: The file has been successfully signed. [] []
[2024-06-18T14:57:49.471025+02:00] cms_signing.INFO: The file has been successfully signed. [] []
[2024-06-18T14:57:49.520719+02:00] cms_signing.INFO: The file has been successfully signed. [] []
[2024-06-18T14:57:51.913406+02:00] cms_signing.INFO: The file has been successfully signed. [] []
[2024-06-18T14:57:51.953839+02:00] cms_signing.INFO: The file has been successfully signed. [] []
[2024-06-18T14:58:34.083015+02:00] cms_signing.INFO: The file has been successfully signed. [] []
[2024-06-18T14:58:34.125893+02:00] cms_signing.INFO: The file has been successfully signed. [] []
[2024-06-18T14:58:57.502634+02:00] cms_signing.INFO: The file has been successfully signed. [] []
[2024-06-18T14:58:57.542254+02:00] cms_signing.INFO: The file has been successfully signed. [] []
[2024-06-18T14:59:35.044979+02:00] cms_signing.INFO: The file has been successfully signed. [] []
[2024-06-18T14:59:35.086930+02:00] cms_signing.INFO: The file has been successfully signed. [] []
[2024-06-18T14:59:37.139762+02:00] cms_signing.INFO: The file has been successfully signed. [] []
[2024-06-18T14:59:37.190017+02:00] cms_signing.INFO: The file has been successfully signed. [] []
[2024-06-18T15:00:15.164726+02:00] cms_signing.INFO: The file has been successfully signed. [] []
[2024-06-18T15:00:15.206688+02:00] cms_signing.INFO: The file has been successfully signed. [] []
[2024-06-18T15:00:17.148472+02:00] cms_signing.INFO: The file has been successfully signed. [] []
[2024-06-18T15:00:17.187184+02:00] cms_signing.INFO: The file has been successfully signed. [] []
[2024-06-18T15:00:32.592464+02:00] cms_signing.INFO: The file has been successfully signed. [] []
[2024-06-18T15:00:32.643493+02:00] cms_signing.INFO: The file has been successfully signed. [] []
[2024-06-18T15:00:50.441035+02:00] cms_signing.INFO: The file has been successfully signed. [] []
[2024-06-18T15:00:50.483026+02:00] cms_signing.INFO: The file has been successfully signed. [] []
[2024-06-18T15:00:54.238427+02:00] cms_signing.INFO: The file has been successfully signed. [] []
[2024-06-18T15:00:54.308719+02:00] cms_signing.INFO: The file has been successfully signed. [] []
[2024-06-18T15:01:30.075275+02:00] cms_signing.INFO: The file has been successfully signed. [] []
[2024-06-18T15:01:30.127916+02:00] cms_signing.INFO: The file has been successfully signed. [] []
[2024-06-18T15:02:12.816296+02:00] cms_signing.INFO: The file has been successfully signed. [] []
[2024-06-18T15:02:12.853291+02:00] cms_signing.INFO: The file has been successfully signed. [] []
[2024-06-18T15:02:14.923072+02:00] cms_signing.INFO: The file has been successfully signed. [] []
[2024-06-18T15:02:14.961066+02:00] cms_signing.INFO: The file has been successfully signed. [] []
[2024-06-18T15:03:58.642256+02:00] cms_signing.INFO: The file has been successfully signed. [] []
[2024-06-18T15:03:58.682242+02:00] cms_signing.INFO: The file has been successfully signed. [] []
[2024-06-18T15:04:56.729548+02:00] cms_signing.INFO: The file has been successfully signed. [] []
[2024-06-18T15:04:56.785687+02:00] cms_signing.INFO: The file has been successfully signed. [] []
[2024-06-18T15:06:17.689153+02:00] cms_signing.INFO: The file has been successfully signed. [] []
[2024-06-18T15:06:17.737963+02:00] cms_signing.INFO: The file has been successfully signed. [] []
[2024-06-18T15:06:47.990176+02:00] cms_signing.INFO: The file has been successfully signed. [] []
[2024-06-18T15:06:48.029690+02:00] cms_signing.INFO: The file has been successfully signed. [] []
[2024-06-18T15:06:50.711126+02:00] cms_signing.INFO: The file has been successfully signed. [] []
[2024-06-18T15:06:50.748534+02:00] cms_signing.INFO: The file has been successfully signed. [] []
[2024-06-18T15:07:16.848477+02:00] cms_signing.INFO: The file has been successfully signed. [] []
[2024-06-18T15:07:16.889766+02:00] cms_signing.INFO: The file has been successfully signed. [] []
[2024-06-18T15:07:20.281007+02:00] cms_signing.INFO: The file has been successfully signed. [] []
[2024-06-18T15:07:20.316256+02:00] cms_signing.INFO: The file has been successfully signed. [] []
[2024-06-18T15:07:46.129958+02:00] cms_signing.INFO: The file has been successfully signed. [] []
[2024-06-18T15:07:46.172359+02:00] cms_signing.INFO: The file has been successfully signed. [] []
[2024-06-18T15:07:48.904243+02:00] cms_signing.INFO: The file has been successfully signed. [] []
[2024-06-18T15:07:48.947154+02:00] cms_signing.INFO: The file has been successfully signed. [] []
[2024-06-18T15:14:29.828688+02:00] cms_signing.INFO: The file has been successfully signed. [] []
[2024-06-18T15:14:29.870531+02:00] cms_signing.INFO: The file has been successfully signed. [] []
[2024-06-18T15:14:35.273887+02:00] cms_signing.INFO: The file has been successfully signed. [] []
[2024-06-18T15:14:35.317035+02:00] cms_signing.INFO: The file has been successfully signed. [] []
[2024-06-18T15:15:12.682021+02:00] cms_signing.INFO: The file has been successfully signed. [] []
[2024-06-18T15:15:12.718780+02:00] cms_signing.INFO: The file has been successfully signed. [] []
[2024-06-18T15:15:44.484691+02:00] cms_signing.INFO: The file has been successfully signed. [] []
[2024-06-18T15:15:44.528535+02:00] cms_signing.INFO: The file has been successfully signed. [] []
[2024-06-18T15:15:46.189101+02:00] cms_signing.INFO: The file has been successfully signed. [] []
[2024-06-18T15:15:46.239526+02:00] cms_signing.INFO: The file has been successfully signed. [] []
[2024-06-18T15:18:04.922797+02:00] cms_signing.INFO: The file has been successfully signed. [] []
[2024-06-18T15:18:04.993539+02:00] cms_signing.INFO: The file has been successfully signed. [] []
[2024-06-18T15:19:12.574097+02:00] cms_signing.INFO: The file has been successfully signed. [] []
[2024-06-18T15:19:12.614815+02:00] cms_signing.INFO: The file has been successfully signed. [] []
[2024-06-18T15:20:41.672162+02:00] cms_signing.INFO: The file has been successfully signed. [] []
[2024-06-18T15:20:41.713084+02:00] cms_signing.INFO: The file has been successfully signed. [] []
[2024-06-18T15:24:55.807764+02:00] cms_signing.INFO: The file has been successfully signed. [] []
[2024-06-18T15:24:55.846880+02:00] cms_signing.INFO: The file has been successfully signed. [] []
[2024-06-18T15:24:57.704261+02:00] cms_signing.INFO: The file has been successfully signed. [] []
[2024-06-18T15:24:57.742045+02:00] cms_signing.INFO: The file has been successfully signed. [] []
[2024-06-18T15:25:28.854713+02:00] cms_signing.INFO: The file has been successfully signed. [] []
[2024-06-18T15:25:28.910635+02:00] cms_signing.INFO: The file has been successfully signed. [] []
[2024-06-18T15:25:31.545447+02:00] cms_signing.INFO: The file has been successfully signed. [] []
[2024-06-18T15:25:31.621748+02:00] cms_signing.INFO: The file has been successfully signed. [] []
[2024-06-18T15:26:01.454674+02:00] cms_signing.INFO: The file has been successfully signed. [] []
[2024-06-18T15:26:01.526117+02:00] cms_signing.INFO: The file has been successfully signed. [] []
[2024-06-18T15:29:29.333785+02:00] cms_signing.INFO: The file has been successfully signed. [] []
[2024-06-18T15:29:29.374560+02:00] cms_signing.INFO: The file has been successfully signed. [] []
[2024-06-18T15:30:07.590203+02:00] cms_signing.INFO: The file has been successfully signed. [] []
[2024-06-18T15:30:07.640962+02:00] cms_signing.INFO: The file has been successfully signed. [] []
[2024-06-18T15:30:09.461314+02:00] cms_signing.INFO: The file has been successfully signed. [] []
[2024-06-18T15:30:09.512464+02:00] cms_signing.INFO: The file has been successfully signed. [] []
[2024-06-18T15:30:14.694948+02:00] cms_signing.INFO: The file has been successfully signed. [] []
[2024-06-18T15:30:14.737896+02:00] cms_signing.INFO: The file has been successfully signed. [] []
[2024-06-18T15:30:41.005686+02:00] cms_signing.INFO: The file has been successfully signed. [] []
[2024-06-18T15:30:41.046047+02:00] cms_signing.INFO: The file has been successfully signed. [] []
[2024-06-18T15:33:21.114398+02:00] cms_signing.INFO: The file has been successfully signed. [] []
[2024-06-18T15:33:21.160508+02:00] cms_signing.INFO: The file has been successfully signed. [] []
[2024-06-18T15:34:39.039287+02:00] cms_signing.INFO: The file has been successfully signed. [] []
[2024-06-18T15:34:39.080995+02:00] cms_signing.INFO: The file has been successfully signed. [] []
[2024-06-18T15:34:40.607599+02:00] cms_signing.INFO: The file has been successfully signed. [] []
[2024-06-18T15:34:40.651412+02:00] cms_signing.INFO: The file has been successfully signed. [] []
[2024-06-18T15:41:01.876898+02:00] cms_signing.INFO: The file has been successfully signed. [] []
[2024-06-18T15:41:01.916477+02:00] cms_signing.INFO: The file has been successfully signed. [] []
[2024-06-18T15:41:03.775467+02:00] cms_signing.INFO: The file has been successfully signed. [] []
[2024-06-18T15:41:03.813421+02:00] cms_signing.INFO: The file has been successfully signed. [] []
[2024-06-18T15:41:17.810580+02:00] cms_signing.INFO: The file has been successfully signed. [] []
[2024-06-18T15:41:17.851079+02:00] cms_signing.INFO: The file has been successfully signed. [] []
[2024-06-18T15:42:27.270520+02:00] cms_signing.INFO: The file has been successfully signed. [] []
[2024-06-18T15:42:27.307853+02:00] cms_signing.INFO: The file has been successfully signed. [] []
[2024-06-18T15:42:29.953521+02:00] cms_signing.INFO: The file has been successfully signed. [] []
[2024-06-18T15:42:31.442511+02:00] cms_signing.INFO: The file has been successfully signed. [] []
[2024-06-18T15:42:32.742178+02:00] cms_signing.INFO: The file has been successfully signed. [] []
[2024-06-18T15:47:56.389765+02:00] cms_signing.INFO: The file has been successfully signed. [] []
[2024-06-18T15:47:56.430564+02:00] cms_signing.INFO: The file has been successfully signed. [] []
[2024-06-18T15:47:58.005458+02:00] cms_signing.INFO: The file has been successfully signed. [] []
[2024-06-18T19:51:43.315540+02:00] cms_signing.INFO: The file has been successfully signed. [] []
[2024-06-18T19:51:43.364603+02:00] cms_signing.INFO: The file has been successfully signed. [] []
[2024-06-18T19:51:59.249428+02:00] cms_signing.INFO: The file has been successfully signed. [] []
[2024-06-18T19:53:14.262478+02:00] cms_signing.INFO: The file has been successfully signed. [] []
[2024-06-18T19:53:23.922236+02:00] cms_signing.INFO: The file has been successfully signed. [] []
[2024-06-18T19:53:23.970727+02:00] cms_signing.INFO: The file has been successfully signed. [] []
[2024-06-18T19:54:27.289653+02:00] cms_signing.INFO: The file has been successfully signed. [] []
[2024-06-18T19:54:27.339251+02:00] cms_signing.INFO: The file has been successfully signed. [] []
[2024-06-18T20:28:48.312189+02:00] cms_signing.INFO: The file has been successfully signed. [] []
[2024-06-18T20:28:48.361393+02:00] cms_signing.INFO: The file has been successfully signed. [] []
[2024-06-18T20:31:08.689052+02:00] cms_signing.INFO: The file has been successfully signed. [] []
[2024-06-18T20:31:08.736551+02:00] cms_signing.INFO: The file has been successfully signed. [] []
[2024-06-18T20:31:22.288943+02:00] cms_signing.INFO: The file has been successfully signed. [] []
[2024-06-18T20:31:22.349672+02:00] cms_signing.INFO: The file has been successfully signed. [] []
[2024-06-18T20:31:23.763416+02:00] cms_signing.INFO: The file has been successfully signed. [] []
[2024-06-18T20:31:23.819087+02:00] cms_signing.INFO: The file has been successfully signed. [] []
[2024-06-18T20:33:21.326374+02:00] cms_signing.INFO: The file has been successfully signed. [] []
[2024-06-18T20:33:21.374190+02:00] cms_signing.INFO: The file has been successfully signed. [] []
[2024-06-18T20:34:38.968795+02:00] cms_signing.INFO: The file has been successfully signed. [] []
[2024-06-18T20:34:39.005594+02:00] cms_signing.INFO: The file has been successfully signed. [] []
[2024-06-18T20:34:40.653313+02:00] cms_signing.INFO: The file has been successfully signed. [] []
[2024-06-18T20:34:40.702871+02:00] cms_signing.INFO: The file has been successfully signed. [] []
[2024-06-18T20:34:41.829695+02:00] cms_signing.INFO: The file has been successfully signed. [] []
[2024-06-18T20:34:41.873130+02:00] cms_signing.INFO: The file has been successfully signed. [] []
[2024-06-18T20:35:19.872770+02:00] cms_signing.INFO: The file has been successfully signed. [] []
[2024-06-18T20:35:19.928289+02:00] cms_signing.INFO: The file has been successfully signed. [] []
[2024-06-18T20:35:34.698347+02:00] cms_signing.INFO: The file has been successfully signed. [] []
[2024-06-18T20:35:34.780667+02:00] cms_signing.INFO: The file has been successfully signed. [] []
[2024-06-18T20:35:52.899242+02:00] cms_signing.INFO: The file has been successfully signed. [] []
[2024-06-18T20:35:52.940677+02:00] cms_signing.INFO: The file has been successfully signed. [] []
[2024-06-18T20:37:06.078792+02:00] cms_signing.INFO: The file has been successfully signed. [] []
[2024-06-18T20:37:06.118393+02:00] cms_signing.INFO: The file has been successfully signed. [] []
[2024-06-18T20:37:20.472886+02:00] cms_signing.INFO: The file has been successfully signed. [] []
[2024-06-18T20:37:20.515699+02:00] cms_signing.INFO: The file has been successfully signed. [] []
[2024-06-18T20:37:35.873767+02:00] cms_signing.INFO: The file has been successfully signed. [] []
[2024-06-18T20:37:35.915677+02:00] cms_signing.INFO: The file has been successfully signed. [] []
[2024-06-18T20:38:49.937276+02:00] cms_signing.INFO: The file has been successfully signed. [] []
[2024-06-18T20:38:49.995261+02:00] cms_signing.INFO: The file has been successfully signed. [] []
[2024-06-18T20:39:08.067269+02:00] cms_signing.INFO: The file has been successfully signed. [] []
[2024-06-18T20:39:08.108004+02:00] cms_signing.INFO: The file has been successfully signed. [] []
[2024-06-18T20:39:34.972827+02:00] cms_signing.INFO: The file has been successfully signed. [] []
[2024-06-18T20:39:35.031268+02:00] cms_signing.INFO: The file has been successfully signed. [] []
[2024-06-18T20:40:01.881627+02:00] cms_signing.INFO: The file has been successfully signed. [] []
[2024-06-18T20:40:01.924562+02:00] cms_signing.INFO: The file has been successfully signed. [] []
[2024-06-18T20:40:36.618472+02:00] cms_signing.INFO: The file has been successfully signed. [] []
[2024-06-18T20:40:36.657672+02:00] cms_signing.INFO: The file has been successfully signed. [] []
[2024-06-18T21:15:04.039936+02:00] cms_signing.INFO: The file has been successfully signed. [] []
[2024-06-18T21:15:04.090136+02:00] cms_signing.INFO: The file has been successfully signed. [] []
[2024-06-19T13:33:21.539995+02:00] cms_signing.INFO: The file has been successfully signed. [] []
[2024-06-19T13:33:21.609151+02:00] cms_signing.INFO: The file has been successfully signed. [] []
[2024-06-20T16:24:21.409138+02:00] cms_signing.INFO: ZIP archive created successfully. [] []
[2024-06-20T16:24:21.483898+02:00] cms_signing.INFO: The file has been successfully signed. [] []
[2024-06-20T16:24:21.515255+02:00] cms_signing.INFO: The file has been successfully signed. [] []
[2024-06-20T22:50:30.261118+02:00] cms_signing.INFO: ZIP archive created successfully. [] []
[2024-06-20T22:50:30.363290+02:00] cms_signing.INFO: The file has been successfully signed. [] []
[2024-06-20T22:50:30.558422+02:00] cms_signing.INFO: The file has been successfully signed. [] []
[2024-06-21T04:47:56.841923+02:00] cms_signing.INFO: ZIP archive created successfully. [] []
[2024-06-21T04:47:56.901253+02:00] cms_signing.INFO: The file has been successfully signed. [] []
[2024-06-21T04:47:56.934896+02:00] cms_signing.INFO: The file has been successfully signed. [] []
[2024-06-21T04:48:29.734593+02:00] cms_signing.INFO: ZIP archive created successfully. [] []
[2024-06-21T04:48:29.786837+02:00] cms_signing.INFO: The file has been successfully signed. [] []
[2024-06-21T04:48:29.855418+02:00] cms_signing.INFO: The file has been successfully signed. [] []
[2024-06-21T04:48:46.605500+02:00] cms_signing.INFO: ZIP archive created successfully. [] []
[2024-06-21T04:48:46.643550+02:00] cms_signing.INFO: The file has been successfully signed. [] []
[2024-06-21T04:48:46.681203+02:00] cms_signing.INFO: The file has been successfully signed. [] []
[2024-06-21T04:51:39.811048+02:00] cms_signing.INFO: ZIP archive created successfully. [] []
[2024-06-21T04:51:39.843477+02:00] cms_signing.INFO: The file has been successfully signed. [] []
[2024-06-21T04:51:39.866999+02:00] cms_signing.INFO: The file has been successfully signed. [] []
[2024-06-21T04:52:11.260061+02:00] cms_signing.INFO: ZIP archive created successfully. [] []
[2024-06-21T04:52:11.290440+02:00] cms_signing.INFO: The file has been successfully signed. [] []
[2024-06-21T04:52:11.316502+02:00] cms_signing.INFO: The file has been successfully signed. [] []
[2024-06-21T04:55:07.106299+02:00] cms_signing.INFO: ZIP archive created successfully. [] []
[2024-06-21T04:55:07.135066+02:00] cms_signing.INFO: The file has been successfully signed. [] []
[2024-06-21T04:55:07.161786+02:00] cms_signing.INFO: The file has been successfully signed. [] []
[2024-06-21T04:57:03.652774+02:00] cms_signing.INFO: ZIP archive created successfully. [] []
[2024-06-21T04:57:03.700834+02:00] cms_signing.INFO: The file has been successfully signed. [] []
[2024-06-21T04:57:03.737189+02:00] cms_signing.INFO: The file has been successfully signed. [] []
[2024-06-21T16:54:22.822444+02:00] cms_signing.INFO: ZIP archive created successfully. [] []
[2024-06-21T16:54:22.879144+02:00] cms_signing.INFO: The file has been successfully signed. [] []
[2024-06-21T16:55:39.308045+02:00] cms_signing.INFO: ZIP archive created successfully. [] []
[2024-06-21T16:55:39.353546+02:00] cms_signing.INFO: The file has been successfully signed. [] []
[2024-06-21T16:55:39.393391+02:00] cms_signing.INFO: The file has been successfully signed. [] []
[2024-06-21T17:06:39.231848+02:00] cms_signing.INFO: ZIP archive created successfully. [] []
[2024-06-21T17:06:39.278623+02:00] cms_signing.INFO: The file has been successfully signed. [] []
[2024-06-21T17:07:46.213333+02:00] cms_signing.INFO: ZIP archive created successfully. [] []
[2024-06-21T17:07:46.260374+02:00] cms_signing.INFO: The file has been successfully signed. [] []
[2024-06-21T17:07:46.349729+02:00] cms_signing.INFO: The file has been successfully signed. [] []
[2024-06-21T20:42:16.712605+02:00] cms_signing.INFO: ZIP archive created successfully. [] []
[2024-06-21T20:42:16.834087+02:00] cms_signing.INFO: The file has been successfully signed. [] []
[2024-06-21T20:42:17.113196+02:00] cms_signing.INFO: The file has been successfully signed. [] []
[2024-06-22T00:57:57.116886+02:00] cms_signing.INFO: ZIP archive created successfully. [] []
[2024-06-22T00:57:57.160828+02:00] cms_signing.INFO: The file has been successfully signed. [] []
[2024-06-22T01:00:44.703207+02:00] cms_signing.INFO: ZIP archive created successfully. [] []
[2024-06-22T01:00:44.736759+02:00] cms_signing.INFO: The file has been successfully signed. [] []
[2024-06-22T01:00:44.764791+02:00] cms_signing.INFO: The file has been successfully signed. [] []
[2024-06-22T01:01:59.576037+02:00] cms_signing.INFO: ZIP archive created successfully. [] []
[2024-06-22T01:01:59.615027+02:00] cms_signing.INFO: The file has been successfully signed. [] []
[2024-06-22T01:01:59.650864+02:00] cms_signing.INFO: The file has been successfully signed. [] []
[2024-06-22T01:02:57.968684+02:00] cms_signing.INFO: ZIP archive created successfully. [] []
[2024-06-22T01:02:58.009176+02:00] cms_signing.INFO: The file has been successfully signed. [] []
[2024-06-22T01:02:58.042520+02:00] cms_signing.INFO: The file has been successfully signed. [] []
[2024-06-22T01:04:32.505768+02:00] cms_signing.INFO: ZIP archive created successfully. [] []
[2024-06-22T01:04:32.539026+02:00] cms_signing.INFO: The file has been successfully signed. [] []
[2024-06-22T01:04:32.568925+02:00] cms_signing.INFO: The file has been successfully signed. [] []
[2024-06-22T01:07:11.593431+02:00] cms_signing.INFO: ZIP archive created successfully. [] []
[2024-06-22T01:07:11.625975+02:00] cms_signing.INFO: The file has been successfully signed. [] []
[2024-06-22T01:07:11.714045+02:00] cms_signing.INFO: The file has been successfully signed. [] []
[2024-06-22T01:09:59.359783+02:00] cms_signing.INFO: ZIP archive created successfully. [] []
[2024-06-22T01:09:59.396877+02:00] cms_signing.INFO: The file has been successfully signed. [] []
[2024-06-22T01:09:59.465743+02:00] cms_signing.INFO: The file has been successfully signed. [] []
[2024-06-22T01:11:50.351763+02:00] cms_signing.INFO: ZIP archive created successfully. [] []
[2024-06-22T01:11:50.415106+02:00] cms_signing.INFO: The file has been successfully signed. [] []
[2024-06-22T01:11:50.476819+02:00] cms_signing.INFO: The file has been successfully signed. [] []
[2024-06-22T01:15:11.308774+02:00] cms_signing.INFO: ZIP archive created successfully. [] []
[2024-06-22T01:15:11.348438+02:00] cms_signing.INFO: The file has been successfully signed. [] []
[2024-06-22T01:15:11.410358+02:00] cms_signing.INFO: The file has been successfully signed. [] []
[2024-06-22T01:17:48.864486+02:00] cms_signing.INFO: ZIP archive created successfully. [] []
[2024-06-22T01:17:48.916302+02:00] cms_signing.INFO: The file has been successfully signed. [] []
[2024-06-22T01:17:48.966285+02:00] cms_signing.INFO: The file has been successfully signed. [] []
[2024-06-22T01:19:29.583870+02:00] cms_signing.INFO: ZIP archive created successfully. [] []
[2024-06-22T01:19:29.617785+02:00] cms_signing.INFO: The file has been successfully signed. [] []
[2024-06-22T01:19:29.698912+02:00] cms_signing.INFO: The file has been successfully signed. [] []
[2024-06-22T01:20:16.321239+02:00] cms_signing.INFO: ZIP archive created successfully. [] []
[2024-06-22T01:20:16.360302+02:00] cms_signing.INFO: The file has been successfully signed. [] []
[2024-06-22T01:20:16.429027+02:00] cms_signing.INFO: The file has been successfully signed. [] []
[2024-06-22T01:21:05.377063+02:00] cms_signing.INFO: ZIP archive created successfully. [] []
[2024-06-22T01:21:05.416300+02:00] cms_signing.INFO: The file has been successfully signed. [] []
[2024-06-22T01:21:05.535985+02:00] cms_signing.INFO: The file has been successfully signed. [] []
[2024-06-22T01:21:43.015595+02:00] cms_signing.INFO: ZIP archive created successfully. [] []
[2024-06-22T01:21:43.057077+02:00] cms_signing.INFO: The file has been successfully signed. [] []
[2024-06-22T01:21:43.114656+02:00] cms_signing.INFO: The file has been successfully signed. [] []
[2024-06-22T01:26:33.799871+02:00] cms_signing.INFO: ZIP archive created successfully. [] []
[2024-06-22T01:26:33.936058+02:00] cms_signing.INFO: The file has been successfully signed. [] []
[2024-06-22T01:26:34.102942+02:00] cms_signing.INFO: The file has been successfully signed. [] []
[2024-06-22T01:28:25.420873+02:00] cms_signing.INFO: ZIP archive created successfully. [] []
[2024-06-22T01:28:25.522621+02:00] cms_signing.INFO: The file has been successfully signed. [] []
[2024-06-22T01:28:25.669112+02:00] cms_signing.INFO: The file has been successfully signed. [] []
[2024-06-22T01:34:20.085967+02:00] cms_signing.INFO: ZIP archive created successfully. [] []
[2024-06-22T01:34:20.118897+02:00] cms_signing.INFO: The file has been successfully signed. [] []
[2024-06-22T01:34:20.168477+02:00] cms_signing.INFO: The file has been successfully signed. [] []
[2024-06-22T01:36:06.709247+02:00] cms_signing.INFO: ZIP archive created successfully. [] []
[2024-06-22T01:36:06.741375+02:00] cms_signing.INFO: The file has been successfully signed. [] []
[2024-06-22T01:36:06.804394+02:00] cms_signing.INFO: The file has been successfully signed. [] []
[2024-06-22T01:37:40.034801+02:00] cms_signing.INFO: ZIP archive created successfully. [] []
[2024-06-22T01:37:40.080364+02:00] cms_signing.INFO: The file has been successfully signed. [] []
[2024-06-22T01:37:40.162530+02:00] cms_signing.INFO: The file has been successfully signed. [] []
[2024-06-22T08:25:51.948680+02:00] cms_signing.INFO: ZIP archive created successfully. [] []
[2024-06-22T08:25:51.988030+02:00] cms_signing.INFO: The file has been successfully signed. [] []
[2024-06-22T08:35:16.851454+02:00] cms_signing.INFO: ZIP archive created successfully. [] []
[2024-06-22T08:35:16.933971+02:00] cms_signing.INFO: The file has been successfully signed. [] []
[2024-06-22T08:35:16.989394+02:00] cms_signing.INFO: The file has been successfully signed. [] []
[2024-06-22T08:36:07.794860+02:00] cms_signing.INFO: ZIP archive created successfully. [] []
[2024-06-22T08:36:07.850596+02:00] cms_signing.INFO: The file has been successfully signed. [] []
[2024-06-22T08:36:07.999250+02:00] cms_signing.INFO: The file has been successfully signed. [] []
